{
  "instant" : {
    "epochSecond" : 1666038035,
    "nanoOfSecond" : 695214000
  },
  "thread" : "main",
  "level" : "INFO",
  "loggerName" : "org.springframework.boot.test.context.SpringBootTestContextBootstrapper",
  "message" : "Neither @ContextConfiguration nor @ContextHierarchy found for test class [sn.isi.adminapp.service.AppRolesServiceTest], using SpringBootContextLoader",
  "endOfBatch" : false,
  "loggerFqcn" : "org.apache.commons.logging.LogAdapter$Log4jLog",
  "threadId" : 1,
  "threadPriority" : 5,
  "service" : "admin-app"
}
{
  "instant" : {
    "epochSecond" : 1666038036,
    "nanoOfSecond" : 422770700
  },
  "thread" : "main",
  "level" : "INFO",
  "loggerName" : "org.springframework.test.context.support.AbstractContextLoader",
  "message" : "Could not detect default resource locations for test class [sn.isi.adminapp.service.AppRolesServiceTest]: no resource found for suffixes {-context.xml, Context.groovy}.",
  "endOfBatch" : false,
  "loggerFqcn" : "org.apache.commons.logging.LogAdapter$Log4jLog",
  "threadId" : 1,
  "threadPriority" : 5,
  "service" : "admin-app"
}
{
  "instant" : {
    "epochSecond" : 1666038036,
    "nanoOfSecond" : 431701300
  },
  "thread" : "main",
  "level" : "INFO",
  "loggerName" : "org.springframework.test.context.support.AnnotationConfigContextLoaderUtils",
  "message" : "Could not detect default configuration classes for test class [sn.isi.adminapp.service.AppRolesServiceTest]: AppRolesServiceTest does not declare any static, non-private, non-final, nested classes annotated with @Configuration.",
  "endOfBatch" : false,
  "loggerFqcn" : "org.apache.commons.logging.LogAdapter$Log4jLog",
  "threadId" : 1,
  "threadPriority" : 5,
  "service" : "admin-app"
}
{
  "instant" : {
    "epochSecond" : 1666038037,
    "nanoOfSecond" : 465266600
  },
  "thread" : "main",
  "level" : "INFO",
  "loggerName" : "org.springframework.boot.test.context.SpringBootTestContextBootstrapper",
  "message" : "Found @SpringBootConfiguration sn.isi.adminapp.AdminAppApplication for test class sn.isi.adminapp.service.AppRolesServiceTest",
  "endOfBatch" : false,
  "loggerFqcn" : "org.apache.commons.logging.LogAdapter$Log4jLog",
  "threadId" : 1,
  "threadPriority" : 5,
  "service" : "admin-app"
}
{
  "instant" : {
    "epochSecond" : 1666038038,
    "nanoOfSecond" : 268673000
  },
  "thread" : "main",
  "level" : "INFO",
  "loggerName" : "org.springframework.boot.test.context.SpringBootTestContextBootstrapper",
  "message" : "Loaded default TestExecutionListener class names from location [META-INF/spring.factories]: [org.springframework.boot.test.mock.mockito.MockitoTestExecutionListener, org.springframework.boot.test.mock.mockito.ResetMocksTestExecutionListener, org.springframework.boot.test.autoconfigure.restdocs.RestDocsTestExecutionListener, org.springframework.boot.test.autoconfigure.web.client.MockRestServiceServerResetTestExecutionListener, org.springframework.boot.test.autoconfigure.web.servlet.MockMvcPrintOnlyOnFailureTestExecutionListener, org.springframework.boot.test.autoconfigure.web.servlet.WebDriverTestExecutionListener, org.springframework.boot.test.autoconfigure.webservices.client.MockWebServiceServerTestExecutionListener, org.springframework.test.context.web.ServletTestExecutionListener, org.springframework.test.context.support.DirtiesContextBeforeModesTestExecutionListener, org.springframework.test.context.event.ApplicationEventsTestExecutionListener, org.springframework.test.context.support.DependencyInjectionTestExecutionListener, org.springframework.test.context.support.DirtiesContextTestExecutionListener, org.springframework.test.context.transaction.TransactionalTestExecutionListener, org.springframework.test.context.jdbc.SqlScriptsTestExecutionListener, org.springframework.test.context.event.EventPublishingTestExecutionListener]",
  "endOfBatch" : false,
  "loggerFqcn" : "org.apache.commons.logging.LogAdapter$Log4jLog",
  "threadId" : 1,
  "threadPriority" : 5,
  "service" : "admin-app"
}
{
  "instant" : {
    "epochSecond" : 1666038038,
    "nanoOfSecond" : 352525100
  },
  "thread" : "main",
  "level" : "INFO",
  "loggerName" : "org.springframework.boot.test.context.SpringBootTestContextBootstrapper",
  "message" : "Using TestExecutionListeners: [org.springframework.test.context.web.ServletTestExecutionListener@7a24eb3, org.springframework.test.context.support.DirtiesContextBeforeModesTestExecutionListener@6c37bd27, org.springframework.test.context.event.ApplicationEventsTestExecutionListener@25d3cfc8, org.springframework.boot.test.mock.mockito.MockitoTestExecutionListener@30331109, org.springframework.boot.test.autoconfigure.SpringBootDependencyInjectionTestExecutionListener@2571066a, org.springframework.test.context.support.DirtiesContextTestExecutionListener@74fe5966, org.springframework.test.context.transaction.TransactionalTestExecutionListener@4fe875be, org.springframework.test.context.jdbc.SqlScriptsTestExecutionListener@677b8e13, org.springframework.test.context.event.EventPublishingTestExecutionListener@4a9486c0, org.springframework.boot.test.mock.mockito.ResetMocksTestExecutionListener@4c27d39d, org.springframework.boot.test.autoconfigure.restdocs.RestDocsTestExecutionListener@40ee0a22, org.springframework.boot.test.autoconfigure.web.client.MockRestServiceServerResetTestExecutionListener@7bde1f3a, org.springframework.boot.test.autoconfigure.web.servlet.MockMvcPrintOnlyOnFailureTestExecutionListener@15923407, org.springframework.boot.test.autoconfigure.web.servlet.WebDriverTestExecutionListener@67dba613, org.springframework.boot.test.autoconfigure.webservices.client.MockWebServiceServerTestExecutionListener@57540fd0]",
  "endOfBatch" : false,
  "loggerFqcn" : "org.apache.commons.logging.LogAdapter$Log4jLog",
  "threadId" : 1,
  "threadPriority" : 5,
  "service" : "admin-app"
}
{
  "instant" : {
    "epochSecond" : 1666040908,
    "nanoOfSecond" : 863414700
  },
  "thread" : "background-preinit",
  "level" : "INFO",
  "loggerName" : "org.hibernate.validator.internal.util.Version",
  "message" : "HV000001: Hibernate Validator 6.2.5.Final",
  "endOfBatch" : false,
  "loggerFqcn" : "org.hibernate.validator.internal.util.logging.Log_$logger",
  "threadId" : 20,
  "threadPriority" : 5,
  "service" : "admin-app"
}
{
  "instant" : {
    "epochSecond" : 1666040908,
    "nanoOfSecond" : 942414500
  },
  "thread" : "restartedMain",
  "level" : "INFO",
  "loggerName" : "sn.isi.adminapp.AdminAppApplication",
  "message" : "Starting AdminAppApplication using Java 17.0.2 on DESKTOP-TA7253F with PID 1924 (C:\\Users\\Mugen\\Desktop\\M1\\JEE\\intelliJ-workspace\\admin-app\\target\\classes started by Mugen in C:\\Users\\Mugen\\Desktop\\M1\\JEE\\intelliJ-workspace\\admin-app)",
  "endOfBatch" : false,
  "loggerFqcn" : "org.apache.commons.logging.LogAdapter$Log4jLog",
  "threadId" : 19,
  "threadPriority" : 5,
  "service" : "admin-app"
}
{
  "instant" : {
    "epochSecond" : 1666040908,
    "nanoOfSecond" : 999413000
  },
  "thread" : "restartedMain",
  "level" : "INFO",
  "loggerName" : "sn.isi.adminapp.AdminAppApplication",
  "message" : "No active profile set, falling back to 1 default profile: \"default\"",
  "endOfBatch" : false,
  "loggerFqcn" : "org.apache.commons.logging.LogAdapter$Log4jLog",
  "threadId" : 19,
  "threadPriority" : 5,
  "service" : "admin-app"
}
{
  "instant" : {
    "epochSecond" : 1666040909,
    "nanoOfSecond" : 75728600
  },
  "thread" : "restartedMain",
  "level" : "INFO",
  "loggerName" : "org.springframework.boot.devtools.env.DevToolsPropertyDefaultsPostProcessor",
  "message" : "Devtools property defaults active! Set 'spring.devtools.add-properties' to 'false' to disable",
  "endOfBatch" : false,
  "loggerFqcn" : "org.apache.commons.logging.LogAdapter$Log4jLog",
  "threadId" : 19,
  "threadPriority" : 5,
  "service" : "admin-app"
}
{
  "instant" : {
    "epochSecond" : 1666040909,
    "nanoOfSecond" : 76516300
  },
  "thread" : "restartedMain",
  "level" : "INFO",
  "loggerName" : "org.springframework.boot.devtools.env.DevToolsPropertyDefaultsPostProcessor",
  "message" : "For additional web related logging consider setting the 'logging.level.web' property to 'DEBUG'",
  "endOfBatch" : false,
  "loggerFqcn" : "org.apache.commons.logging.LogAdapter$Log4jLog",
  "threadId" : 19,
  "threadPriority" : 5,
  "service" : "admin-app"
}
{
  "instant" : {
    "epochSecond" : 1666040910,
    "nanoOfSecond" : 82267700
  },
  "thread" : "restartedMain",
  "level" : "INFO",
  "loggerName" : "org.springframework.data.repository.config.RepositoryConfigurationDelegate",
  "message" : "Bootstrapping Spring Data JPA repositories in DEFAULT mode.",
  "endOfBatch" : false,
  "loggerFqcn" : "org.apache.commons.logging.LogAdapter$Log4jLog",
  "threadId" : 19,
  "threadPriority" : 5,
  "service" : "admin-app"
}
{
  "instant" : {
    "epochSecond" : 1666040910,
    "nanoOfSecond" : 256819500
  },
  "thread" : "restartedMain",
  "level" : "INFO",
  "loggerName" : "org.springframework.data.repository.config.RepositoryConfigurationDelegate",
  "message" : "Finished Spring Data repository scanning in 156 ms. Found 3 JPA repository interfaces.",
  "endOfBatch" : false,
  "loggerFqcn" : "org.apache.commons.logging.LogAdapter$Log4jLog",
  "threadId" : 19,
  "threadPriority" : 5,
  "service" : "admin-app"
}
{
  "instant" : {
    "epochSecond" : 1666040911,
    "nanoOfSecond" : 396112200
  },
  "thread" : "restartedMain",
  "level" : "INFO",
  "loggerName" : "org.springframework.boot.web.embedded.tomcat.TomcatWebServer",
  "message" : "Tomcat initialized with port(s): 8081 (http)",
  "endOfBatch" : false,
  "loggerFqcn" : "org.apache.commons.logging.LogAdapter$Log4jLog",
  "threadId" : 19,
  "threadPriority" : 5,
  "service" : "admin-app"
}
{
  "instant" : {
    "epochSecond" : 1666040911,
    "nanoOfSecond" : 425905700
  },
  "thread" : "restartedMain",
  "level" : "INFO",
  "loggerName" : "org.apache.coyote.http11.Http11NioProtocol",
  "message" : "Initializing ProtocolHandler [\"http-nio-8081\"]",
  "endOfBatch" : false,
  "loggerFqcn" : "java.util.logging.Logger",
  "threadId" : 19,
  "threadPriority" : 5,
  "service" : "admin-app"
}
{
  "instant" : {
    "epochSecond" : 1666040911,
    "nanoOfSecond" : 428126200
  },
  "thread" : "restartedMain",
  "level" : "INFO",
  "loggerName" : "org.apache.catalina.core.StandardService",
  "message" : "Starting service [Tomcat]",
  "endOfBatch" : false,
  "loggerFqcn" : "java.util.logging.Logger",
  "threadId" : 19,
  "threadPriority" : 5,
  "service" : "admin-app"
}
{
  "instant" : {
    "epochSecond" : 1666040911,
    "nanoOfSecond" : 428910900
  },
  "thread" : "restartedMain",
  "level" : "INFO",
  "loggerName" : "org.apache.catalina.core.StandardEngine",
  "message" : "Starting Servlet engine: [Apache Tomcat/9.0.65]",
  "endOfBatch" : false,
  "loggerFqcn" : "java.util.logging.Logger",
  "threadId" : 19,
  "threadPriority" : 5,
  "service" : "admin-app"
}
{
  "instant" : {
    "epochSecond" : 1666040911,
    "nanoOfSecond" : 583090300
  },
  "thread" : "restartedMain",
  "level" : "INFO",
  "loggerName" : "org.apache.catalina.core.ContainerBase.[Tomcat].[localhost].[/]",
  "message" : "Initializing Spring embedded WebApplicationContext",
  "endOfBatch" : false,
  "loggerFqcn" : "java.util.logging.Logger",
  "threadId" : 19,
  "threadPriority" : 5,
  "service" : "admin-app"
}
{
  "instant" : {
    "epochSecond" : 1666040911,
    "nanoOfSecond" : 583907400
  },
  "thread" : "restartedMain",
  "level" : "INFO",
  "loggerName" : "org.springframework.boot.web.servlet.context.ServletWebServerApplicationContext",
  "message" : "Root WebApplicationContext: initialization completed in 2505 ms",
  "endOfBatch" : false,
  "loggerFqcn" : "org.apache.commons.logging.LogAdapter$Log4jLog",
  "threadId" : 19,
  "threadPriority" : 5,
  "service" : "admin-app"
}
{
  "instant" : {
    "epochSecond" : 1666040911,
    "nanoOfSecond" : 829909900
  },
  "thread" : "restartedMain",
  "level" : "INFO",
  "loggerName" : "org.hibernate.jpa.internal.util.LogHelper",
  "message" : "HHH000204: Processing PersistenceUnitInfo [name: default]",
  "endOfBatch" : false,
  "loggerFqcn" : "org.hibernate.internal.EntityManagerMessageLogger_$logger",
  "threadId" : 19,
  "threadPriority" : 5,
  "service" : "admin-app"
}
{
  "instant" : {
    "epochSecond" : 1666040911,
    "nanoOfSecond" : 932908600
  },
  "thread" : "restartedMain",
  "level" : "INFO",
  "loggerName" : "org.hibernate.Version",
  "message" : "HHH000412: Hibernate ORM core version 5.6.11.Final",
  "endOfBatch" : false,
  "loggerFqcn" : "org.hibernate.internal.CoreMessageLogger_$logger",
  "threadId" : 19,
  "threadPriority" : 5,
  "service" : "admin-app"
}
{
  "instant" : {
    "epochSecond" : 1666040912,
    "nanoOfSecond" : 246873200
  },
  "thread" : "restartedMain",
  "level" : "INFO",
  "loggerName" : "org.hibernate.annotations.common.Version",
  "message" : "HCANN000001: Hibernate Commons Annotations {5.1.2.Final}",
  "endOfBatch" : false,
  "loggerFqcn" : "org.hibernate.annotations.common.util.impl.Log_$logger",
  "threadId" : 19,
  "threadPriority" : 5,
  "service" : "admin-app"
}
{
  "instant" : {
    "epochSecond" : 1666040912,
    "nanoOfSecond" : 412608300
  },
  "thread" : "restartedMain",
  "level" : "INFO",
  "loggerName" : "com.zaxxer.hikari.HikariDataSource",
  "message" : "HikariPool-1 - Starting...",
  "endOfBatch" : false,
  "loggerFqcn" : "org.apache.logging.slf4j.Log4jLogger",
  "threadId" : 19,
  "threadPriority" : 5,
  "service" : "admin-app"
}
{
  "instant" : {
    "epochSecond" : 1666040913,
    "nanoOfSecond" : 590809400
  },
  "thread" : "restartedMain",
  "level" : "ERROR",
  "loggerName" : "com.zaxxer.hikari.pool.HikariPool",
  "message" : "HikariPool-1 - Exception during pool initialization.",
  "thrown" : {
    "commonElementCount" : 0,
    "localizedMessage" : "Communications link failure\n\nThe last packet sent successfully to the server was 0 milliseconds ago. The driver has not received any packets from the server.",
    "message" : "Communications link failure\n\nThe last packet sent successfully to the server was 0 milliseconds ago. The driver has not received any packets from the server.",
    "name" : "com.mysql.cj.jdbc.exceptions.CommunicationsException",
    "cause" : {
      "commonElementCount" : 54,
      "localizedMessage" : "Communications link failure\n\nThe last packet sent successfully to the server was 0 milliseconds ago. The driver has not received any packets from the server.",
      "message" : "Communications link failure\n\nThe last packet sent successfully to the server was 0 milliseconds ago. The driver has not received any packets from the server.",
      "name" : "com.mysql.cj.exceptions.CJCommunicationsException",
      "cause" : {
        "commonElementCount" : 54,
        "localizedMessage" : "Connection refused: no further information",
        "message" : "Connection refused: no further information",
        "name" : "java.net.ConnectException",
        "extendedStackTrace" : [ {
          "class" : "sun.nio.ch.Net",
          "method" : "pollConnect",
          "file" : "Net.java",
          "line" : -2,
          "exact" : false,
          "location" : "?",
          "version" : "?"
        }, {
          "class" : "sun.nio.ch.Net",
          "method" : "pollConnectNow",
          "file" : "Net.java",
          "line" : 672,
          "exact" : false,
          "location" : "?",
          "version" : "?"
        }, {
          "class" : "sun.nio.ch.NioSocketImpl",
          "method" : "timedFinishConnect",
          "file" : "NioSocketImpl.java",
          "line" : 542,
          "exact" : false,
          "location" : "?",
          "version" : "?"
        }, {
          "class" : "sun.nio.ch.NioSocketImpl",
          "method" : "connect",
          "file" : "NioSocketImpl.java",
          "line" : 597,
          "exact" : false,
          "location" : "?",
          "version" : "?"
        }, {
          "class" : "java.net.SocksSocketImpl",
          "method" : "connect",
          "file" : "SocksSocketImpl.java",
          "line" : 327,
          "exact" : false,
          "location" : "?",
          "version" : "?"
        }, {
          "class" : "java.net.Socket",
          "method" : "connect",
          "file" : "Socket.java",
          "line" : 633,
          "exact" : false,
          "location" : "?",
          "version" : "?"
        }, {
          "class" : "com.mysql.cj.protocol.StandardSocketFactory",
          "method" : "connect",
          "file" : "StandardSocketFactory.java",
          "line" : 153,
          "exact" : false,
          "location" : "mysql-connector-java-8.0.30.jar",
          "version" : "8.0.30"
        }, {
          "class" : "com.mysql.cj.protocol.a.NativeSocketConnection",
          "method" : "connect",
          "file" : "NativeSocketConnection.java",
          "line" : 63,
          "exact" : false,
          "location" : "mysql-connector-java-8.0.30.jar",
          "version" : "8.0.30"
        }, {
          "class" : "com.mysql.cj.NativeSession",
          "method" : "connect",
          "file" : "NativeSession.java",
          "line" : 120,
          "exact" : false,
          "location" : "mysql-connector-java-8.0.30.jar",
          "version" : "8.0.30"
        }, {
          "class" : "com.mysql.cj.jdbc.ConnectionImpl",
          "method" : "connectOneTryOnly",
          "file" : "ConnectionImpl.java",
          "line" : 948,
          "exact" : false,
          "location" : "mysql-connector-java-8.0.30.jar",
          "version" : "8.0.30"
        }, {
          "class" : "com.mysql.cj.jdbc.ConnectionImpl",
          "method" : "createNewIO",
          "file" : "ConnectionImpl.java",
          "line" : 818,
          "exact" : false,
          "location" : "mysql-connector-java-8.0.30.jar",
          "version" : "8.0.30"
        } ]
      },
      "extendedStackTrace" : [ {
        "class" : "jdk.internal.reflect.NativeConstructorAccessorImpl",
        "method" : "newInstance0",
        "file" : "NativeConstructorAccessorImpl.java",
        "line" : -2,
        "exact" : false,
        "location" : "?",
        "version" : "?"
      }, {
        "class" : "jdk.internal.reflect.NativeConstructorAccessorImpl",
        "method" : "newInstance",
        "file" : "NativeConstructorAccessorImpl.java",
        "line" : 77,
        "exact" : false,
        "location" : "?",
        "version" : "?"
      }, {
        "class" : "jdk.internal.reflect.DelegatingConstructorAccessorImpl",
        "method" : "newInstance",
        "file" : "DelegatingConstructorAccessorImpl.java",
        "line" : 45,
        "exact" : false,
        "location" : "?",
        "version" : "?"
      }, {
        "class" : "java.lang.reflect.Constructor",
        "method" : "newInstanceWithCaller",
        "file" : "Constructor.java",
        "line" : 499,
        "exact" : false,
        "location" : "?",
        "version" : "?"
      }, {
        "class" : "java.lang.reflect.Constructor",
        "method" : "newInstance",
        "file" : "Constructor.java",
        "line" : 480,
        "exact" : false,
        "location" : "?",
        "version" : "?"
      }, {
        "class" : "com.mysql.cj.exceptions.ExceptionFactory",
        "method" : "createException",
        "file" : "ExceptionFactory.java",
        "line" : 61,
        "exact" : false,
        "location" : "mysql-connector-java-8.0.30.jar",
        "version" : "8.0.30"
      }, {
        "class" : "com.mysql.cj.exceptions.ExceptionFactory",
        "method" : "createException",
        "file" : "ExceptionFactory.java",
        "line" : 105,
        "exact" : false,
        "location" : "mysql-connector-java-8.0.30.jar",
        "version" : "8.0.30"
      }, {
        "class" : "com.mysql.cj.exceptions.ExceptionFactory",
        "method" : "createException",
        "file" : "ExceptionFactory.java",
        "line" : 151,
        "exact" : false,
        "location" : "mysql-connector-java-8.0.30.jar",
        "version" : "8.0.30"
      }, {
        "class" : "com.mysql.cj.exceptions.ExceptionFactory",
        "method" : "createCommunicationsException",
        "file" : "ExceptionFactory.java",
        "line" : 167,
        "exact" : false,
        "location" : "mysql-connector-java-8.0.30.jar",
        "version" : "8.0.30"
      }, {
        "class" : "com.mysql.cj.protocol.a.NativeSocketConnection",
        "method" : "connect",
        "file" : "NativeSocketConnection.java",
        "line" : 89,
        "exact" : false,
        "location" : "mysql-connector-java-8.0.30.jar",
        "version" : "8.0.30"
      }, {
        "class" : "com.mysql.cj.NativeSession",
        "method" : "connect",
        "file" : "NativeSession.java",
        "line" : 120,
        "exact" : false,
        "location" : "mysql-connector-java-8.0.30.jar",
        "version" : "8.0.30"
      }, {
        "class" : "com.mysql.cj.jdbc.ConnectionImpl",
        "method" : "connectOneTryOnly",
        "file" : "ConnectionImpl.java",
        "line" : 948,
        "exact" : false,
        "location" : "mysql-connector-java-8.0.30.jar",
        "version" : "8.0.30"
      }, {
        "class" : "com.mysql.cj.jdbc.ConnectionImpl",
        "method" : "createNewIO",
        "file" : "ConnectionImpl.java",
        "line" : 818,
        "exact" : false,
        "location" : "mysql-connector-java-8.0.30.jar",
        "version" : "8.0.30"
      } ]
    },
    "extendedStackTrace" : [ {
      "class" : "com.mysql.cj.jdbc.exceptions.SQLError",
      "method" : "createCommunicationsException",
      "file" : "SQLError.java",
      "line" : 174,
      "exact" : false,
      "location" : "mysql-connector-java-8.0.30.jar",
      "version" : "8.0.30"
    }, {
      "class" : "com.mysql.cj.jdbc.exceptions.SQLExceptionsMapping",
      "method" : "translateException",
      "file" : "SQLExceptionsMapping.java",
      "line" : 64,
      "exact" : false,
      "location" : "mysql-connector-java-8.0.30.jar",
      "version" : "8.0.30"
    }, {
      "class" : "com.mysql.cj.jdbc.ConnectionImpl",
      "method" : "createNewIO",
      "file" : "ConnectionImpl.java",
      "line" : 828,
      "exact" : false,
      "location" : "mysql-connector-java-8.0.30.jar",
      "version" : "8.0.30"
    }, {
      "class" : "com.mysql.cj.jdbc.ConnectionImpl",
      "method" : "<init>",
      "file" : "ConnectionImpl.java",
      "line" : 448,
      "exact" : false,
      "location" : "mysql-connector-java-8.0.30.jar",
      "version" : "8.0.30"
    }, {
      "class" : "com.mysql.cj.jdbc.ConnectionImpl",
      "method" : "getInstance",
      "file" : "ConnectionImpl.java",
      "line" : 241,
      "exact" : false,
      "location" : "mysql-connector-java-8.0.30.jar",
      "version" : "8.0.30"
    }, {
      "class" : "com.mysql.cj.jdbc.NonRegisteringDriver",
      "method" : "connect",
      "file" : "NonRegisteringDriver.java",
      "line" : 198,
      "exact" : false,
      "location" : "mysql-connector-java-8.0.30.jar",
      "version" : "8.0.30"
    }, {
      "class" : "com.zaxxer.hikari.util.DriverDataSource",
      "method" : "getConnection",
      "file" : "DriverDataSource.java",
      "line" : 138,
      "exact" : false,
      "location" : "HikariCP-4.0.3.jar",
      "version" : "?"
    }, {
      "class" : "com.zaxxer.hikari.pool.PoolBase",
      "method" : "newConnection",
      "file" : "PoolBase.java",
      "line" : 364,
      "exact" : false,
      "location" : "HikariCP-4.0.3.jar",
      "version" : "?"
    }, {
      "class" : "com.zaxxer.hikari.pool.PoolBase",
      "method" : "newPoolEntry",
      "file" : "PoolBase.java",
      "line" : 206,
      "exact" : false,
      "location" : "HikariCP-4.0.3.jar",
      "version" : "?"
    }, {
      "class" : "com.zaxxer.hikari.pool.HikariPool",
      "method" : "createPoolEntry",
      "file" : "HikariPool.java",
      "line" : 476,
      "exact" : false,
      "location" : "HikariCP-4.0.3.jar",
      "version" : "?"
    }, {
      "class" : "com.zaxxer.hikari.pool.HikariPool",
      "method" : "checkFailFast",
      "file" : "HikariPool.java",
      "line" : 561,
      "exact" : false,
      "location" : "HikariCP-4.0.3.jar",
      "version" : "?"
    }, {
      "class" : "com.zaxxer.hikari.pool.HikariPool",
      "method" : "<init>",
      "file" : "HikariPool.java",
      "line" : 115,
      "exact" : false,
      "location" : "HikariCP-4.0.3.jar",
      "version" : "?"
    }, {
      "class" : "com.zaxxer.hikari.HikariDataSource",
      "method" : "getConnection",
      "file" : "HikariDataSource.java",
      "line" : 112,
      "exact" : false,
      "location" : "HikariCP-4.0.3.jar",
      "version" : "?"
    }, {
      "class" : "org.hibernate.engine.jdbc.connections.internal.DatasourceConnectionProviderImpl",
      "method" : "getConnection",
      "file" : "DatasourceConnectionProviderImpl.java",
      "line" : 122,
      "exact" : false,
      "location" : "hibernate-core-5.6.11.Final.jar",
      "version" : "5.6.11.Final"
    }, {
      "class" : "org.hibernate.engine.jdbc.env.internal.JdbcEnvironmentInitiator$ConnectionProviderJdbcConnectionAccess",
      "method" : "obtainConnection",
      "file" : "JdbcEnvironmentInitiator.java",
      "line" : 181,
      "exact" : false,
      "location" : "hibernate-core-5.6.11.Final.jar",
      "version" : "5.6.11.Final"
    }, {
      "class" : "org.hibernate.engine.jdbc.env.internal.JdbcEnvironmentInitiator",
      "method" : "initiateService",
      "file" : "JdbcEnvironmentInitiator.java",
      "line" : 68,
      "exact" : false,
      "location" : "hibernate-core-5.6.11.Final.jar",
      "version" : "5.6.11.Final"
    }, {
      "class" : "org.hibernate.engine.jdbc.env.internal.JdbcEnvironmentInitiator",
      "method" : "initiateService",
      "file" : "JdbcEnvironmentInitiator.java",
      "line" : 35,
      "exact" : false,
      "location" : "hibernate-core-5.6.11.Final.jar",
      "version" : "5.6.11.Final"
    }, {
      "class" : "org.hibernate.boot.registry.internal.StandardServiceRegistryImpl",
      "method" : "initiateService",
      "file" : "StandardServiceRegistryImpl.java",
      "line" : 101,
      "exact" : false,
      "location" : "hibernate-core-5.6.11.Final.jar",
      "version" : "5.6.11.Final"
    }, {
      "class" : "org.hibernate.service.internal.AbstractServiceRegistryImpl",
      "method" : "createService",
      "file" : "AbstractServiceRegistryImpl.java",
      "line" : 263,
      "exact" : false,
      "location" : "hibernate-core-5.6.11.Final.jar",
      "version" : "5.6.11.Final"
    }, {
      "class" : "org.hibernate.service.internal.AbstractServiceRegistryImpl",
      "method" : "initializeService",
      "file" : "AbstractServiceRegistryImpl.java",
      "line" : 237,
      "exact" : false,
      "location" : "hibernate-core-5.6.11.Final.jar",
      "version" : "5.6.11.Final"
    }, {
      "class" : "org.hibernate.service.internal.AbstractServiceRegistryImpl",
      "method" : "getService",
      "file" : "AbstractServiceRegistryImpl.java",
      "line" : 214,
      "exact" : false,
      "location" : "hibernate-core-5.6.11.Final.jar",
      "version" : "5.6.11.Final"
    }, {
      "class" : "org.hibernate.id.factory.internal.DefaultIdentifierGeneratorFactory",
      "method" : "injectServices",
      "file" : "DefaultIdentifierGeneratorFactory.java",
      "line" : 175,
      "exact" : false,
      "location" : "hibernate-core-5.6.11.Final.jar",
      "version" : "5.6.11.Final"
    }, {
      "class" : "org.hibernate.service.internal.AbstractServiceRegistryImpl",
      "method" : "injectDependencies",
      "file" : "AbstractServiceRegistryImpl.java",
      "line" : 286,
      "exact" : false,
      "location" : "hibernate-core-5.6.11.Final.jar",
      "version" : "5.6.11.Final"
    }, {
      "class" : "org.hibernate.service.internal.AbstractServiceRegistryImpl",
      "method" : "initializeService",
      "file" : "AbstractServiceRegistryImpl.java",
      "line" : 243,
      "exact" : false,
      "location" : "hibernate-core-5.6.11.Final.jar",
      "version" : "5.6.11.Final"
    }, {
      "class" : "org.hibernate.service.internal.AbstractServiceRegistryImpl",
      "method" : "getService",
      "file" : "AbstractServiceRegistryImpl.java",
      "line" : 214,
      "exact" : false,
      "location" : "hibernate-core-5.6.11.Final.jar",
      "version" : "5.6.11.Final"
    }, {
      "class" : "org.hibernate.boot.internal.InFlightMetadataCollectorImpl",
      "method" : "<init>",
      "file" : "InFlightMetadataCollectorImpl.java",
      "line" : 173,
      "exact" : false,
      "location" : "hibernate-core-5.6.11.Final.jar",
      "version" : "5.6.11.Final"
    }, {
      "class" : "org.hibernate.boot.model.process.spi.MetadataBuildingProcess",
      "method" : "complete",
      "file" : "MetadataBuildingProcess.java",
      "line" : 127,
      "exact" : false,
      "location" : "hibernate-core-5.6.11.Final.jar",
      "version" : "5.6.11.Final"
    }, {
      "class" : "org.hibernate.jpa.boot.internal.EntityManagerFactoryBuilderImpl",
      "method" : "metadata",
      "file" : "EntityManagerFactoryBuilderImpl.java",
      "line" : 1460,
      "exact" : false,
      "location" : "hibernate-core-5.6.11.Final.jar",
      "version" : "5.6.11.Final"
    }, {
      "class" : "org.hibernate.jpa.boot.internal.EntityManagerFactoryBuilderImpl",
      "method" : "build",
      "file" : "EntityManagerFactoryBuilderImpl.java",
      "line" : 1494,
      "exact" : false,
      "location" : "hibernate-core-5.6.11.Final.jar",
      "version" : "5.6.11.Final"
    }, {
      "class" : "org.springframework.orm.jpa.vendor.SpringHibernateJpaPersistenceProvider",
      "method" : "createContainerEntityManagerFactory",
      "file" : "SpringHibernateJpaPersistenceProvider.java",
      "line" : 58,
      "exact" : false,
      "location" : "spring-orm-5.3.23.jar",
      "version" : "5.3.23"
    }, {
      "class" : "org.springframework.orm.jpa.LocalContainerEntityManagerFactoryBean",
      "method" : "createNativeEntityManagerFactory",
      "file" : "LocalContainerEntityManagerFactoryBean.java",
      "line" : 365,
      "exact" : false,
      "location" : "spring-orm-5.3.23.jar",
      "version" : "5.3.23"
    }, {
      "class" : "org.springframework.orm.jpa.AbstractEntityManagerFactoryBean",
      "method" : "buildNativeEntityManagerFactory",
      "file" : "AbstractEntityManagerFactoryBean.java",
      "line" : 409,
      "exact" : false,
      "location" : "spring-orm-5.3.23.jar",
      "version" : "5.3.23"
    }, {
      "class" : "org.springframework.orm.jpa.AbstractEntityManagerFactoryBean",
      "method" : "afterPropertiesSet",
      "file" : "AbstractEntityManagerFactoryBean.java",
      "line" : 396,
      "exact" : false,
      "location" : "spring-orm-5.3.23.jar",
      "version" : "5.3.23"
    }, {
      "class" : "org.springframework.orm.jpa.LocalContainerEntityManagerFactoryBean",
      "method" : "afterPropertiesSet",
      "file" : "LocalContainerEntityManagerFactoryBean.java",
      "line" : 341,
      "exact" : false,
      "location" : "spring-orm-5.3.23.jar",
      "version" : "5.3.23"
    }, {
      "class" : "org.springframework.beans.factory.support.AbstractAutowireCapableBeanFactory",
      "method" : "invokeInitMethods",
      "file" : "AbstractAutowireCapableBeanFactory.java",
      "line" : 1863,
      "exact" : false,
      "location" : "spring-beans-5.3.23.jar",
      "version" : "5.3.23"
    }, {
      "class" : "org.springframework.beans.factory.support.AbstractAutowireCapableBeanFactory",
      "method" : "initializeBean",
      "file" : "AbstractAutowireCapableBeanFactory.java",
      "line" : 1800,
      "exact" : false,
      "location" : "spring-beans-5.3.23.jar",
      "version" : "5.3.23"
    }, {
      "class" : "org.springframework.beans.factory.support.AbstractAutowireCapableBeanFactory",
      "method" : "doCreateBean",
      "file" : "AbstractAutowireCapableBeanFactory.java",
      "line" : 620,
      "exact" : false,
      "location" : "spring-beans-5.3.23.jar",
      "version" : "5.3.23"
    }, {
      "class" : "org.springframework.beans.factory.support.AbstractAutowireCapableBeanFactory",
      "method" : "createBean",
      "file" : "AbstractAutowireCapableBeanFactory.java",
      "line" : 542,
      "exact" : false,
      "location" : "spring-beans-5.3.23.jar",
      "version" : "5.3.23"
    }, {
      "class" : "org.springframework.beans.factory.support.AbstractBeanFactory",
      "method" : "lambda$doGetBean$0",
      "file" : "AbstractBeanFactory.java",
      "line" : 335,
      "exact" : false,
      "location" : "spring-beans-5.3.23.jar",
      "version" : "5.3.23"
    }, {
      "class" : "org.springframework.beans.factory.support.DefaultSingletonBeanRegistry",
      "method" : "getSingleton",
      "file" : "DefaultSingletonBeanRegistry.java",
      "line" : 234,
      "exact" : false,
      "location" : "spring-beans-5.3.23.jar",
      "version" : "5.3.23"
    }, {
      "class" : "org.springframework.beans.factory.support.AbstractBeanFactory",
      "method" : "doGetBean",
      "file" : "AbstractBeanFactory.java",
      "line" : 333,
      "exact" : false,
      "location" : "spring-beans-5.3.23.jar",
      "version" : "5.3.23"
    }, {
      "class" : "org.springframework.beans.factory.support.AbstractBeanFactory",
      "method" : "getBean",
      "file" : "AbstractBeanFactory.java",
      "line" : 208,
      "exact" : false,
      "location" : "spring-beans-5.3.23.jar",
      "version" : "5.3.23"
    }, {
      "class" : "org.springframework.context.support.AbstractApplicationContext",
      "method" : "getBean",
      "file" : "AbstractApplicationContext.java",
      "line" : 1154,
      "exact" : false,
      "location" : "spring-context-5.3.23.jar",
      "version" : "5.3.23"
    }, {
      "class" : "org.springframework.context.support.AbstractApplicationContext",
      "method" : "finishBeanFactoryInitialization",
      "file" : "AbstractApplicationContext.java",
      "line" : 908,
      "exact" : false,
      "location" : "spring-context-5.3.23.jar",
      "version" : "5.3.23"
    }, {
      "class" : "org.springframework.context.support.AbstractApplicationContext",
      "method" : "refresh",
      "file" : "AbstractApplicationContext.java",
      "line" : 583,
      "exact" : false,
      "location" : "spring-context-5.3.23.jar",
      "version" : "5.3.23"
    }, {
      "class" : "org.springframework.boot.web.servlet.context.ServletWebServerApplicationContext",
      "method" : "refresh",
      "file" : "ServletWebServerApplicationContext.java",
      "line" : 147,
      "exact" : false,
      "location" : "spring-boot-2.7.4.jar",
      "version" : "2.7.4"
    }, {
      "class" : "org.springframework.boot.SpringApplication",
      "method" : "refresh",
      "file" : "SpringApplication.java",
      "line" : 734,
      "exact" : false,
      "location" : "spring-boot-2.7.4.jar",
      "version" : "2.7.4"
    }, {
      "class" : "org.springframework.boot.SpringApplication",
      "method" : "refreshContext",
      "file" : "SpringApplication.java",
      "line" : 408,
      "exact" : false,
      "location" : "spring-boot-2.7.4.jar",
      "version" : "2.7.4"
    }, {
      "class" : "org.springframework.boot.SpringApplication",
      "method" : "run",
      "file" : "SpringApplication.java",
      "line" : 308,
      "exact" : false,
      "location" : "spring-boot-2.7.4.jar",
      "version" : "2.7.4"
    }, {
      "class" : "org.springframework.boot.SpringApplication",
      "method" : "run",
      "file" : "SpringApplication.java",
      "line" : 1306,
      "exact" : false,
      "location" : "spring-boot-2.7.4.jar",
      "version" : "2.7.4"
    }, {
      "class" : "org.springframework.boot.SpringApplication",
      "method" : "run",
      "file" : "SpringApplication.java",
      "line" : 1295,
      "exact" : false,
      "location" : "spring-boot-2.7.4.jar",
      "version" : "2.7.4"
    }, {
      "class" : "sn.isi.adminapp.AdminAppApplication",
      "method" : "main",
      "file" : "AdminAppApplication.java",
      "line" : 12,
      "exact" : false,
      "location" : "classes/",
      "version" : "?"
    }, {
      "class" : "jdk.internal.reflect.NativeMethodAccessorImpl",
      "method" : "invoke0",
      "file" : "NativeMethodAccessorImpl.java",
      "line" : -2,
      "exact" : false,
      "location" : "?",
      "version" : "?"
    }, {
      "class" : "jdk.internal.reflect.NativeMethodAccessorImpl",
      "method" : "invoke",
      "file" : "NativeMethodAccessorImpl.java",
      "line" : 77,
      "exact" : false,
      "location" : "?",
      "version" : "?"
    }, {
      "class" : "jdk.internal.reflect.DelegatingMethodAccessorImpl",
      "method" : "invoke",
      "file" : "DelegatingMethodAccessorImpl.java",
      "line" : 43,
      "exact" : false,
      "location" : "?",
      "version" : "?"
    }, {
      "class" : "java.lang.reflect.Method",
      "method" : "invoke",
      "file" : "Method.java",
      "line" : 568,
      "exact" : false,
      "location" : "?",
      "version" : "?"
    }, {
      "class" : "org.springframework.boot.devtools.restart.RestartLauncher",
      "method" : "run",
      "file" : "RestartLauncher.java",
      "line" : 49,
      "exact" : false,
      "location" : "spring-boot-devtools-2.7.4.jar",
      "version" : "2.7.4"
    } ]
  },
  "endOfBatch" : false,
  "loggerFqcn" : "org.apache.logging.slf4j.Log4jLogger",
  "threadId" : 19,
  "threadPriority" : 5,
  "service" : "admin-app"
}
{
  "instant" : {
    "epochSecond" : 1666040913,
    "nanoOfSecond" : 663688700
  },
  "thread" : "restartedMain",
  "level" : "WARN",
  "loggerName" : "org.hibernate.engine.jdbc.env.internal.JdbcEnvironmentInitiator",
  "message" : "HHH000342: Could not obtain connection to query metadata",
  "thrown" : {
    "commonElementCount" : 0,
    "localizedMessage" : "Communications link failure\n\nThe last packet sent successfully to the server was 0 milliseconds ago. The driver has not received any packets from the server.",
    "message" : "Communications link failure\n\nThe last packet sent successfully to the server was 0 milliseconds ago. The driver has not received any packets from the server.",
    "name" : "com.mysql.cj.jdbc.exceptions.CommunicationsException",
    "cause" : {
      "commonElementCount" : 54,
      "localizedMessage" : "Communications link failure\n\nThe last packet sent successfully to the server was 0 milliseconds ago. The driver has not received any packets from the server.",
      "message" : "Communications link failure\n\nThe last packet sent successfully to the server was 0 milliseconds ago. The driver has not received any packets from the server.",
      "name" : "com.mysql.cj.exceptions.CJCommunicationsException",
      "cause" : {
        "commonElementCount" : 54,
        "localizedMessage" : "Connection refused: no further information",
        "message" : "Connection refused: no further information",
        "name" : "java.net.ConnectException",
        "extendedStackTrace" : [ {
          "class" : "sun.nio.ch.Net",
          "method" : "pollConnect",
          "file" : "Net.java",
          "line" : -2,
          "exact" : false,
          "location" : "?",
          "version" : "?"
        }, {
          "class" : "sun.nio.ch.Net",
          "method" : "pollConnectNow",
          "file" : "Net.java",
          "line" : 672,
          "exact" : false,
          "location" : "?",
          "version" : "?"
        }, {
          "class" : "sun.nio.ch.NioSocketImpl",
          "method" : "timedFinishConnect",
          "file" : "NioSocketImpl.java",
          "line" : 542,
          "exact" : false,
          "location" : "?",
          "version" : "?"
        }, {
          "class" : "sun.nio.ch.NioSocketImpl",
          "method" : "connect",
          "file" : "NioSocketImpl.java",
          "line" : 597,
          "exact" : false,
          "location" : "?",
          "version" : "?"
        }, {
          "class" : "java.net.SocksSocketImpl",
          "method" : "connect",
          "file" : "SocksSocketImpl.java",
          "line" : 327,
          "exact" : false,
          "location" : "?",
          "version" : "?"
        }, {
          "class" : "java.net.Socket",
          "method" : "connect",
          "file" : "Socket.java",
          "line" : 633,
          "exact" : false,
          "location" : "?",
          "version" : "?"
        }, {
          "class" : "com.mysql.cj.protocol.StandardSocketFactory",
          "method" : "connect",
          "file" : "StandardSocketFactory.java",
          "line" : 153,
          "exact" : false,
          "location" : "mysql-connector-java-8.0.30.jar",
          "version" : "8.0.30"
        }, {
          "class" : "com.mysql.cj.protocol.a.NativeSocketConnection",
          "method" : "connect",
          "file" : "NativeSocketConnection.java",
          "line" : 63,
          "exact" : false,
          "location" : "mysql-connector-java-8.0.30.jar",
          "version" : "8.0.30"
        }, {
          "class" : "com.mysql.cj.NativeSession",
          "method" : "connect",
          "file" : "NativeSession.java",
          "line" : 120,
          "exact" : false,
          "location" : "mysql-connector-java-8.0.30.jar",
          "version" : "8.0.30"
        }, {
          "class" : "com.mysql.cj.jdbc.ConnectionImpl",
          "method" : "connectOneTryOnly",
          "file" : "ConnectionImpl.java",
          "line" : 948,
          "exact" : false,
          "location" : "mysql-connector-java-8.0.30.jar",
          "version" : "8.0.30"
        }, {
          "class" : "com.mysql.cj.jdbc.ConnectionImpl",
          "method" : "createNewIO",
          "file" : "ConnectionImpl.java",
          "line" : 818,
          "exact" : false,
          "location" : "mysql-connector-java-8.0.30.jar",
          "version" : "8.0.30"
        } ]
      },
      "extendedStackTrace" : [ {
        "class" : "jdk.internal.reflect.NativeConstructorAccessorImpl",
        "method" : "newInstance0",
        "file" : "NativeConstructorAccessorImpl.java",
        "line" : -2,
        "exact" : false,
        "location" : "?",
        "version" : "?"
      }, {
        "class" : "jdk.internal.reflect.NativeConstructorAccessorImpl",
        "method" : "newInstance",
        "file" : "NativeConstructorAccessorImpl.java",
        "line" : 77,
        "exact" : false,
        "location" : "?",
        "version" : "?"
      }, {
        "class" : "jdk.internal.reflect.DelegatingConstructorAccessorImpl",
        "method" : "newInstance",
        "file" : "DelegatingConstructorAccessorImpl.java",
        "line" : 45,
        "exact" : false,
        "location" : "?",
        "version" : "?"
      }, {
        "class" : "java.lang.reflect.Constructor",
        "method" : "newInstanceWithCaller",
        "file" : "Constructor.java",
        "line" : 499,
        "exact" : false,
        "location" : "?",
        "version" : "?"
      }, {
        "class" : "java.lang.reflect.Constructor",
        "method" : "newInstance",
        "file" : "Constructor.java",
        "line" : 480,
        "exact" : false,
        "location" : "?",
        "version" : "?"
      }, {
        "class" : "com.mysql.cj.exceptions.ExceptionFactory",
        "method" : "createException",
        "file" : "ExceptionFactory.java",
        "line" : 61,
        "exact" : false,
        "location" : "mysql-connector-java-8.0.30.jar",
        "version" : "8.0.30"
      }, {
        "class" : "com.mysql.cj.exceptions.ExceptionFactory",
        "method" : "createException",
        "file" : "ExceptionFactory.java",
        "line" : 105,
        "exact" : false,
        "location" : "mysql-connector-java-8.0.30.jar",
        "version" : "8.0.30"
      }, {
        "class" : "com.mysql.cj.exceptions.ExceptionFactory",
        "method" : "createException",
        "file" : "ExceptionFactory.java",
        "line" : 151,
        "exact" : false,
        "location" : "mysql-connector-java-8.0.30.jar",
        "version" : "8.0.30"
      }, {
        "class" : "com.mysql.cj.exceptions.ExceptionFactory",
        "method" : "createCommunicationsException",
        "file" : "ExceptionFactory.java",
        "line" : 167,
        "exact" : false,
        "location" : "mysql-connector-java-8.0.30.jar",
        "version" : "8.0.30"
      }, {
        "class" : "com.mysql.cj.protocol.a.NativeSocketConnection",
        "method" : "connect",
        "file" : "NativeSocketConnection.java",
        "line" : 89,
        "exact" : false,
        "location" : "mysql-connector-java-8.0.30.jar",
        "version" : "8.0.30"
      }, {
        "class" : "com.mysql.cj.NativeSession",
        "method" : "connect",
        "file" : "NativeSession.java",
        "line" : 120,
        "exact" : false,
        "location" : "mysql-connector-java-8.0.30.jar",
        "version" : "8.0.30"
      }, {
        "class" : "com.mysql.cj.jdbc.ConnectionImpl",
        "method" : "connectOneTryOnly",
        "file" : "ConnectionImpl.java",
        "line" : 948,
        "exact" : false,
        "location" : "mysql-connector-java-8.0.30.jar",
        "version" : "8.0.30"
      }, {
        "class" : "com.mysql.cj.jdbc.ConnectionImpl",
        "method" : "createNewIO",
        "file" : "ConnectionImpl.java",
        "line" : 818,
        "exact" : false,
        "location" : "mysql-connector-java-8.0.30.jar",
        "version" : "8.0.30"
      } ]
    },
    "extendedStackTrace" : [ {
      "class" : "com.mysql.cj.jdbc.exceptions.SQLError",
      "method" : "createCommunicationsException",
      "file" : "SQLError.java",
      "line" : 174,
      "exact" : false,
      "location" : "mysql-connector-java-8.0.30.jar",
      "version" : "8.0.30"
    }, {
      "class" : "com.mysql.cj.jdbc.exceptions.SQLExceptionsMapping",
      "method" : "translateException",
      "file" : "SQLExceptionsMapping.java",
      "line" : 64,
      "exact" : false,
      "location" : "mysql-connector-java-8.0.30.jar",
      "version" : "8.0.30"
    }, {
      "class" : "com.mysql.cj.jdbc.ConnectionImpl",
      "method" : "createNewIO",
      "file" : "ConnectionImpl.java",
      "line" : 828,
      "exact" : false,
      "location" : "mysql-connector-java-8.0.30.jar",
      "version" : "8.0.30"
    }, {
      "class" : "com.mysql.cj.jdbc.ConnectionImpl",
      "method" : "<init>",
      "file" : "ConnectionImpl.java",
      "line" : 448,
      "exact" : false,
      "location" : "mysql-connector-java-8.0.30.jar",
      "version" : "8.0.30"
    }, {
      "class" : "com.mysql.cj.jdbc.ConnectionImpl",
      "method" : "getInstance",
      "file" : "ConnectionImpl.java",
      "line" : 241,
      "exact" : false,
      "location" : "mysql-connector-java-8.0.30.jar",
      "version" : "8.0.30"
    }, {
      "class" : "com.mysql.cj.jdbc.NonRegisteringDriver",
      "method" : "connect",
      "file" : "NonRegisteringDriver.java",
      "line" : 198,
      "exact" : false,
      "location" : "mysql-connector-java-8.0.30.jar",
      "version" : "8.0.30"
    }, {
      "class" : "com.zaxxer.hikari.util.DriverDataSource",
      "method" : "getConnection",
      "file" : "DriverDataSource.java",
      "line" : 138,
      "exact" : false,
      "location" : "HikariCP-4.0.3.jar",
      "version" : "?"
    }, {
      "class" : "com.zaxxer.hikari.pool.PoolBase",
      "method" : "newConnection",
      "file" : "PoolBase.java",
      "line" : 364,
      "exact" : false,
      "location" : "HikariCP-4.0.3.jar",
      "version" : "?"
    }, {
      "class" : "com.zaxxer.hikari.pool.PoolBase",
      "method" : "newPoolEntry",
      "file" : "PoolBase.java",
      "line" : 206,
      "exact" : false,
      "location" : "HikariCP-4.0.3.jar",
      "version" : "?"
    }, {
      "class" : "com.zaxxer.hikari.pool.HikariPool",
      "method" : "createPoolEntry",
      "file" : "HikariPool.java",
      "line" : 476,
      "exact" : false,
      "location" : "HikariCP-4.0.3.jar",
      "version" : "?"
    }, {
      "class" : "com.zaxxer.hikari.pool.HikariPool",
      "method" : "checkFailFast",
      "file" : "HikariPool.java",
      "line" : 561,
      "exact" : false,
      "location" : "HikariCP-4.0.3.jar",
      "version" : "?"
    }, {
      "class" : "com.zaxxer.hikari.pool.HikariPool",
      "method" : "<init>",
      "file" : "HikariPool.java",
      "line" : 115,
      "exact" : false,
      "location" : "HikariCP-4.0.3.jar",
      "version" : "?"
    }, {
      "class" : "com.zaxxer.hikari.HikariDataSource",
      "method" : "getConnection",
      "file" : "HikariDataSource.java",
      "line" : 112,
      "exact" : false,
      "location" : "HikariCP-4.0.3.jar",
      "version" : "?"
    }, {
      "class" : "org.hibernate.engine.jdbc.connections.internal.DatasourceConnectionProviderImpl",
      "method" : "getConnection",
      "file" : "DatasourceConnectionProviderImpl.java",
      "line" : 122,
      "exact" : false,
      "location" : "hibernate-core-5.6.11.Final.jar",
      "version" : "5.6.11.Final"
    }, {
      "class" : "org.hibernate.engine.jdbc.env.internal.JdbcEnvironmentInitiator$ConnectionProviderJdbcConnectionAccess",
      "method" : "obtainConnection",
      "file" : "JdbcEnvironmentInitiator.java",
      "line" : 181,
      "exact" : false,
      "location" : "hibernate-core-5.6.11.Final.jar",
      "version" : "5.6.11.Final"
    }, {
      "class" : "org.hibernate.engine.jdbc.env.internal.JdbcEnvironmentInitiator",
      "method" : "initiateService",
      "file" : "JdbcEnvironmentInitiator.java",
      "line" : 68,
      "exact" : false,
      "location" : "hibernate-core-5.6.11.Final.jar",
      "version" : "5.6.11.Final"
    }, {
      "class" : "org.hibernate.engine.jdbc.env.internal.JdbcEnvironmentInitiator",
      "method" : "initiateService",
      "file" : "JdbcEnvironmentInitiator.java",
      "line" : 35,
      "exact" : false,
      "location" : "hibernate-core-5.6.11.Final.jar",
      "version" : "5.6.11.Final"
    }, {
      "class" : "org.hibernate.boot.registry.internal.StandardServiceRegistryImpl",
      "method" : "initiateService",
      "file" : "StandardServiceRegistryImpl.java",
      "line" : 101,
      "exact" : false,
      "location" : "hibernate-core-5.6.11.Final.jar",
      "version" : "5.6.11.Final"
    }, {
      "class" : "org.hibernate.service.internal.AbstractServiceRegistryImpl",
      "method" : "createService",
      "file" : "AbstractServiceRegistryImpl.java",
      "line" : 263,
      "exact" : false,
      "location" : "hibernate-core-5.6.11.Final.jar",
      "version" : "5.6.11.Final"
    }, {
      "class" : "org.hibernate.service.internal.AbstractServiceRegistryImpl",
      "method" : "initializeService",
      "file" : "AbstractServiceRegistryImpl.java",
      "line" : 237,
      "exact" : false,
      "location" : "hibernate-core-5.6.11.Final.jar",
      "version" : "5.6.11.Final"
    }, {
      "class" : "org.hibernate.service.internal.AbstractServiceRegistryImpl",
      "method" : "getService",
      "file" : "AbstractServiceRegistryImpl.java",
      "line" : 214,
      "exact" : false,
      "location" : "hibernate-core-5.6.11.Final.jar",
      "version" : "5.6.11.Final"
    }, {
      "class" : "org.hibernate.id.factory.internal.DefaultIdentifierGeneratorFactory",
      "method" : "injectServices",
      "file" : "DefaultIdentifierGeneratorFactory.java",
      "line" : 175,
      "exact" : false,
      "location" : "hibernate-core-5.6.11.Final.jar",
      "version" : "5.6.11.Final"
    }, {
      "class" : "org.hibernate.service.internal.AbstractServiceRegistryImpl",
      "method" : "injectDependencies",
      "file" : "AbstractServiceRegistryImpl.java",
      "line" : 286,
      "exact" : false,
      "location" : "hibernate-core-5.6.11.Final.jar",
      "version" : "5.6.11.Final"
    }, {
      "class" : "org.hibernate.service.internal.AbstractServiceRegistryImpl",
      "method" : "initializeService",
      "file" : "AbstractServiceRegistryImpl.java",
      "line" : 243,
      "exact" : false,
      "location" : "hibernate-core-5.6.11.Final.jar",
      "version" : "5.6.11.Final"
    }, {
      "class" : "org.hibernate.service.internal.AbstractServiceRegistryImpl",
      "method" : "getService",
      "file" : "AbstractServiceRegistryImpl.java",
      "line" : 214,
      "exact" : false,
      "location" : "hibernate-core-5.6.11.Final.jar",
      "version" : "5.6.11.Final"
    }, {
      "class" : "org.hibernate.boot.internal.InFlightMetadataCollectorImpl",
      "method" : "<init>",
      "file" : "InFlightMetadataCollectorImpl.java",
      "line" : 173,
      "exact" : false,
      "location" : "hibernate-core-5.6.11.Final.jar",
      "version" : "5.6.11.Final"
    }, {
      "class" : "org.hibernate.boot.model.process.spi.MetadataBuildingProcess",
      "method" : "complete",
      "file" : "MetadataBuildingProcess.java",
      "line" : 127,
      "exact" : false,
      "location" : "hibernate-core-5.6.11.Final.jar",
      "version" : "5.6.11.Final"
    }, {
      "class" : "org.hibernate.jpa.boot.internal.EntityManagerFactoryBuilderImpl",
      "method" : "metadata",
      "file" : "EntityManagerFactoryBuilderImpl.java",
      "line" : 1460,
      "exact" : false,
      "location" : "hibernate-core-5.6.11.Final.jar",
      "version" : "5.6.11.Final"
    }, {
      "class" : "org.hibernate.jpa.boot.internal.EntityManagerFactoryBuilderImpl",
      "method" : "build",
      "file" : "EntityManagerFactoryBuilderImpl.java",
      "line" : 1494,
      "exact" : false,
      "location" : "hibernate-core-5.6.11.Final.jar",
      "version" : "5.6.11.Final"
    }, {
      "class" : "org.springframework.orm.jpa.vendor.SpringHibernateJpaPersistenceProvider",
      "method" : "createContainerEntityManagerFactory",
      "file" : "SpringHibernateJpaPersistenceProvider.java",
      "line" : 58,
      "exact" : false,
      "location" : "spring-orm-5.3.23.jar",
      "version" : "5.3.23"
    }, {
      "class" : "org.springframework.orm.jpa.LocalContainerEntityManagerFactoryBean",
      "method" : "createNativeEntityManagerFactory",
      "file" : "LocalContainerEntityManagerFactoryBean.java",
      "line" : 365,
      "exact" : false,
      "location" : "spring-orm-5.3.23.jar",
      "version" : "5.3.23"
    }, {
      "class" : "org.springframework.orm.jpa.AbstractEntityManagerFactoryBean",
      "method" : "buildNativeEntityManagerFactory",
      "file" : "AbstractEntityManagerFactoryBean.java",
      "line" : 409,
      "exact" : false,
      "location" : "spring-orm-5.3.23.jar",
      "version" : "5.3.23"
    }, {
      "class" : "org.springframework.orm.jpa.AbstractEntityManagerFactoryBean",
      "method" : "afterPropertiesSet",
      "file" : "AbstractEntityManagerFactoryBean.java",
      "line" : 396,
      "exact" : false,
      "location" : "spring-orm-5.3.23.jar",
      "version" : "5.3.23"
    }, {
      "class" : "org.springframework.orm.jpa.LocalContainerEntityManagerFactoryBean",
      "method" : "afterPropertiesSet",
      "file" : "LocalContainerEntityManagerFactoryBean.java",
      "line" : 341,
      "exact" : false,
      "location" : "spring-orm-5.3.23.jar",
      "version" : "5.3.23"
    }, {
      "class" : "org.springframework.beans.factory.support.AbstractAutowireCapableBeanFactory",
      "method" : "invokeInitMethods",
      "file" : "AbstractAutowireCapableBeanFactory.java",
      "line" : 1863,
      "exact" : false,
      "location" : "spring-beans-5.3.23.jar",
      "version" : "5.3.23"
    }, {
      "class" : "org.springframework.beans.factory.support.AbstractAutowireCapableBeanFactory",
      "method" : "initializeBean",
      "file" : "AbstractAutowireCapableBeanFactory.java",
      "line" : 1800,
      "exact" : false,
      "location" : "spring-beans-5.3.23.jar",
      "version" : "5.3.23"
    }, {
      "class" : "org.springframework.beans.factory.support.AbstractAutowireCapableBeanFactory",
      "method" : "doCreateBean",
      "file" : "AbstractAutowireCapableBeanFactory.java",
      "line" : 620,
      "exact" : false,
      "location" : "spring-beans-5.3.23.jar",
      "version" : "5.3.23"
    }, {
      "class" : "org.springframework.beans.factory.support.AbstractAutowireCapableBeanFactory",
      "method" : "createBean",
      "file" : "AbstractAutowireCapableBeanFactory.java",
      "line" : 542,
      "exact" : false,
      "location" : "spring-beans-5.3.23.jar",
      "version" : "5.3.23"
    }, {
      "class" : "org.springframework.beans.factory.support.AbstractBeanFactory",
      "method" : "lambda$doGetBean$0",
      "file" : "AbstractBeanFactory.java",
      "line" : 335,
      "exact" : false,
      "location" : "spring-beans-5.3.23.jar",
      "version" : "5.3.23"
    }, {
      "class" : "org.springframework.beans.factory.support.DefaultSingletonBeanRegistry",
      "method" : "getSingleton",
      "file" : "DefaultSingletonBeanRegistry.java",
      "line" : 234,
      "exact" : false,
      "location" : "spring-beans-5.3.23.jar",
      "version" : "5.3.23"
    }, {
      "class" : "org.springframework.beans.factory.support.AbstractBeanFactory",
      "method" : "doGetBean",
      "file" : "AbstractBeanFactory.java",
      "line" : 333,
      "exact" : false,
      "location" : "spring-beans-5.3.23.jar",
      "version" : "5.3.23"
    }, {
      "class" : "org.springframework.beans.factory.support.AbstractBeanFactory",
      "method" : "getBean",
      "file" : "AbstractBeanFactory.java",
      "line" : 208,
      "exact" : false,
      "location" : "spring-beans-5.3.23.jar",
      "version" : "5.3.23"
    }, {
      "class" : "org.springframework.context.support.AbstractApplicationContext",
      "method" : "getBean",
      "file" : "AbstractApplicationContext.java",
      "line" : 1154,
      "exact" : false,
      "location" : "spring-context-5.3.23.jar",
      "version" : "5.3.23"
    }, {
      "class" : "org.springframework.context.support.AbstractApplicationContext",
      "method" : "finishBeanFactoryInitialization",
      "file" : "AbstractApplicationContext.java",
      "line" : 908,
      "exact" : false,
      "location" : "spring-context-5.3.23.jar",
      "version" : "5.3.23"
    }, {
      "class" : "org.springframework.context.support.AbstractApplicationContext",
      "method" : "refresh",
      "file" : "AbstractApplicationContext.java",
      "line" : 583,
      "exact" : false,
      "location" : "spring-context-5.3.23.jar",
      "version" : "5.3.23"
    }, {
      "class" : "org.springframework.boot.web.servlet.context.ServletWebServerApplicationContext",
      "method" : "refresh",
      "file" : "ServletWebServerApplicationContext.java",
      "line" : 147,
      "exact" : false,
      "location" : "spring-boot-2.7.4.jar",
      "version" : "2.7.4"
    }, {
      "class" : "org.springframework.boot.SpringApplication",
      "method" : "refresh",
      "file" : "SpringApplication.java",
      "line" : 734,
      "exact" : false,
      "location" : "spring-boot-2.7.4.jar",
      "version" : "2.7.4"
    }, {
      "class" : "org.springframework.boot.SpringApplication",
      "method" : "refreshContext",
      "file" : "SpringApplication.java",
      "line" : 408,
      "exact" : false,
      "location" : "spring-boot-2.7.4.jar",
      "version" : "2.7.4"
    }, {
      "class" : "org.springframework.boot.SpringApplication",
      "method" : "run",
      "file" : "SpringApplication.java",
      "line" : 308,
      "exact" : false,
      "location" : "spring-boot-2.7.4.jar",
      "version" : "2.7.4"
    }, {
      "class" : "org.springframework.boot.SpringApplication",
      "method" : "run",
      "file" : "SpringApplication.java",
      "line" : 1306,
      "exact" : false,
      "location" : "spring-boot-2.7.4.jar",
      "version" : "2.7.4"
    }, {
      "class" : "org.springframework.boot.SpringApplication",
      "method" : "run",
      "file" : "SpringApplication.java",
      "line" : 1295,
      "exact" : false,
      "location" : "spring-boot-2.7.4.jar",
      "version" : "2.7.4"
    }, {
      "class" : "sn.isi.adminapp.AdminAppApplication",
      "method" : "main",
      "file" : "AdminAppApplication.java",
      "line" : 12,
      "exact" : false,
      "location" : "classes/",
      "version" : "?"
    }, {
      "class" : "jdk.internal.reflect.NativeMethodAccessorImpl",
      "method" : "invoke0",
      "file" : "NativeMethodAccessorImpl.java",
      "line" : -2,
      "exact" : false,
      "location" : "?",
      "version" : "?"
    }, {
      "class" : "jdk.internal.reflect.NativeMethodAccessorImpl",
      "method" : "invoke",
      "file" : "NativeMethodAccessorImpl.java",
      "line" : 77,
      "exact" : false,
      "location" : "?",
      "version" : "?"
    }, {
      "class" : "jdk.internal.reflect.DelegatingMethodAccessorImpl",
      "method" : "invoke",
      "file" : "DelegatingMethodAccessorImpl.java",
      "line" : 43,
      "exact" : false,
      "location" : "?",
      "version" : "?"
    }, {
      "class" : "java.lang.reflect.Method",
      "method" : "invoke",
      "file" : "Method.java",
      "line" : 568,
      "exact" : false,
      "location" : "?",
      "version" : "?"
    }, {
      "class" : "org.springframework.boot.devtools.restart.RestartLauncher",
      "method" : "run",
      "file" : "RestartLauncher.java",
      "line" : 49,
      "exact" : false,
      "location" : "spring-boot-devtools-2.7.4.jar",
      "version" : "2.7.4"
    } ]
  },
  "endOfBatch" : false,
  "loggerFqcn" : "org.hibernate.internal.CoreMessageLogger_$logger",
  "threadId" : 19,
  "threadPriority" : 5,
  "service" : "admin-app"
}
{
  "instant" : {
    "epochSecond" : 1666040913,
    "nanoOfSecond" : 679699700
  },
  "thread" : "restartedMain",
  "level" : "ERROR",
  "loggerName" : "org.springframework.orm.jpa.LocalContainerEntityManagerFactoryBean",
  "message" : "Failed to initialize JPA EntityManagerFactory: Unable to create requested service [org.hibernate.engine.jdbc.env.spi.JdbcEnvironment]",
  "endOfBatch" : false,
  "loggerFqcn" : "org.apache.commons.logging.LogAdapter$Log4jLog",
  "threadId" : 19,
  "threadPriority" : 5,
  "service" : "admin-app"
}
{
  "instant" : {
    "epochSecond" : 1666040913,
    "nanoOfSecond" : 682332400
  },
  "thread" : "restartedMain",
  "level" : "WARN",
  "loggerName" : "org.springframework.boot.web.servlet.context.AnnotationConfigServletWebServerApplicationContext",
  "message" : "Exception encountered during context initialization - cancelling refresh attempt: org.springframework.beans.factory.BeanCreationException: Error creating bean with name 'entityManagerFactory' defined in class path resource [org/springframework/boot/autoconfigure/orm/jpa/HibernateJpaConfiguration.class]: Invocation of init method failed; nested exception is org.hibernate.service.spi.ServiceException: Unable to create requested service [org.hibernate.engine.jdbc.env.spi.JdbcEnvironment]",
  "endOfBatch" : false,
  "loggerFqcn" : "org.apache.commons.logging.LogAdapter$Log4jLog",
  "threadId" : 19,
  "threadPriority" : 5,
  "service" : "admin-app"
}
{
  "instant" : {
    "epochSecond" : 1666040913,
    "nanoOfSecond" : 695023700
  },
  "thread" : "restartedMain",
  "level" : "INFO",
  "loggerName" : "org.apache.catalina.core.StandardService",
  "message" : "Stopping service [Tomcat]",
  "endOfBatch" : false,
  "loggerFqcn" : "java.util.logging.Logger",
  "threadId" : 19,
  "threadPriority" : 5,
  "service" : "admin-app"
}
{
  "instant" : {
    "epochSecond" : 1666040913,
    "nanoOfSecond" : 729699500
  },
  "thread" : "restartedMain",
  "level" : "INFO",
  "loggerName" : "org.springframework.boot.autoconfigure.logging.ConditionEvaluationReportLoggingListener",
  "message" : "\r\n\r\nError starting ApplicationContext. To display the conditions report re-run your application with 'debug' enabled.",
  "endOfBatch" : false,
  "loggerFqcn" : "org.apache.commons.logging.LogAdapter$Log4jLog",
  "threadId" : 19,
  "threadPriority" : 5,
  "service" : "admin-app"
}
{
  "instant" : {
    "epochSecond" : 1666040913,
    "nanoOfSecond" : 813639100
  },
  "thread" : "restartedMain",
  "level" : "ERROR",
  "loggerName" : "org.springframework.boot.SpringApplication",
  "message" : "Application run failed",
  "thrown" : {
    "commonElementCount" : 0,
    "localizedMessage" : "Error creating bean with name 'entityManagerFactory' defined in class path resource [org/springframework/boot/autoconfigure/orm/jpa/HibernateJpaConfiguration.class]: Invocation of init method failed; nested exception is org.hibernate.service.spi.ServiceException: Unable to create requested service [org.hibernate.engine.jdbc.env.spi.JdbcEnvironment]",
    "message" : "Error creating bean with name 'entityManagerFactory' defined in class path resource [org/springframework/boot/autoconfigure/orm/jpa/HibernateJpaConfiguration.class]: Invocation of init method failed; nested exception is org.hibernate.service.spi.ServiceException: Unable to create requested service [org.hibernate.engine.jdbc.env.spi.JdbcEnvironment]",
    "name" : "org.springframework.beans.factory.BeanCreationException",
    "cause" : {
      "commonElementCount" : 21,
      "localizedMessage" : "Unable to create requested service [org.hibernate.engine.jdbc.env.spi.JdbcEnvironment]",
      "message" : "Unable to create requested service [org.hibernate.engine.jdbc.env.spi.JdbcEnvironment]",
      "name" : "org.hibernate.service.spi.ServiceException",
      "cause" : {
        "commonElementCount" : 21,
        "localizedMessage" : "Access to DialectResolutionInfo cannot be null when 'hibernate.dialect' not set",
        "message" : "Access to DialectResolutionInfo cannot be null when 'hibernate.dialect' not set",
        "name" : "org.hibernate.HibernateException",
        "extendedStackTrace" : [ {
          "class" : "org.hibernate.engine.jdbc.dialect.internal.DialectFactoryImpl",
          "method" : "determineDialect",
          "file" : "DialectFactoryImpl.java",
          "line" : 100,
          "exact" : false,
          "location" : "hibernate-core-5.6.11.Final.jar",
          "version" : "5.6.11.Final"
        }, {
          "class" : "org.hibernate.engine.jdbc.dialect.internal.DialectFactoryImpl",
          "method" : "buildDialect",
          "file" : "DialectFactoryImpl.java",
          "line" : 54,
          "exact" : false,
          "location" : "hibernate-core-5.6.11.Final.jar",
          "version" : "5.6.11.Final"
        }, {
          "class" : "org.hibernate.engine.jdbc.env.internal.JdbcEnvironmentInitiator",
          "method" : "initiateService",
          "file" : "JdbcEnvironmentInitiator.java",
          "line" : 138,
          "exact" : false,
          "location" : "hibernate-core-5.6.11.Final.jar",
          "version" : "5.6.11.Final"
        }, {
          "class" : "org.hibernate.engine.jdbc.env.internal.JdbcEnvironmentInitiator",
          "method" : "initiateService",
          "file" : "JdbcEnvironmentInitiator.java",
          "line" : 35,
          "exact" : false,
          "location" : "hibernate-core-5.6.11.Final.jar",
          "version" : "5.6.11.Final"
        }, {
          "class" : "org.hibernate.boot.registry.internal.StandardServiceRegistryImpl",
          "method" : "initiateService",
          "file" : "StandardServiceRegistryImpl.java",
          "line" : 101,
          "exact" : false,
          "location" : "hibernate-core-5.6.11.Final.jar",
          "version" : "5.6.11.Final"
        }, {
          "class" : "org.hibernate.service.internal.AbstractServiceRegistryImpl",
          "method" : "createService",
          "file" : "AbstractServiceRegistryImpl.java",
          "line" : 263,
          "exact" : false,
          "location" : "hibernate-core-5.6.11.Final.jar",
          "version" : "5.6.11.Final"
        }, {
          "class" : "org.hibernate.service.internal.AbstractServiceRegistryImpl",
          "method" : "initializeService",
          "file" : "AbstractServiceRegistryImpl.java",
          "line" : 237,
          "exact" : false,
          "location" : "hibernate-core-5.6.11.Final.jar",
          "version" : "5.6.11.Final"
        }, {
          "class" : "org.hibernate.service.internal.AbstractServiceRegistryImpl",
          "method" : "getService",
          "file" : "AbstractServiceRegistryImpl.java",
          "line" : 214,
          "exact" : false,
          "location" : "hibernate-core-5.6.11.Final.jar",
          "version" : "5.6.11.Final"
        }, {
          "class" : "org.hibernate.id.factory.internal.DefaultIdentifierGeneratorFactory",
          "method" : "injectServices",
          "file" : "DefaultIdentifierGeneratorFactory.java",
          "line" : 175,
          "exact" : false,
          "location" : "hibernate-core-5.6.11.Final.jar",
          "version" : "5.6.11.Final"
        }, {
          "class" : "org.hibernate.service.internal.AbstractServiceRegistryImpl",
          "method" : "injectDependencies",
          "file" : "AbstractServiceRegistryImpl.java",
          "line" : 286,
          "exact" : false,
          "location" : "hibernate-core-5.6.11.Final.jar",
          "version" : "5.6.11.Final"
        }, {
          "class" : "org.hibernate.service.internal.AbstractServiceRegistryImpl",
          "method" : "initializeService",
          "file" : "AbstractServiceRegistryImpl.java",
          "line" : 243,
          "exact" : false,
          "location" : "hibernate-core-5.6.11.Final.jar",
          "version" : "5.6.11.Final"
        }, {
          "class" : "org.hibernate.service.internal.AbstractServiceRegistryImpl",
          "method" : "getService",
          "file" : "AbstractServiceRegistryImpl.java",
          "line" : 214,
          "exact" : false,
          "location" : "hibernate-core-5.6.11.Final.jar",
          "version" : "5.6.11.Final"
        }, {
          "class" : "org.hibernate.boot.internal.InFlightMetadataCollectorImpl",
          "method" : "<init>",
          "file" : "InFlightMetadataCollectorImpl.java",
          "line" : 173,
          "exact" : false,
          "location" : "hibernate-core-5.6.11.Final.jar",
          "version" : "5.6.11.Final"
        }, {
          "class" : "org.hibernate.boot.model.process.spi.MetadataBuildingProcess",
          "method" : "complete",
          "file" : "MetadataBuildingProcess.java",
          "line" : 127,
          "exact" : false,
          "location" : "hibernate-core-5.6.11.Final.jar",
          "version" : "5.6.11.Final"
        }, {
          "class" : "org.hibernate.jpa.boot.internal.EntityManagerFactoryBuilderImpl",
          "method" : "metadata",
          "file" : "EntityManagerFactoryBuilderImpl.java",
          "line" : 1460,
          "exact" : false,
          "location" : "hibernate-core-5.6.11.Final.jar",
          "version" : "5.6.11.Final"
        }, {
          "class" : "org.hibernate.jpa.boot.internal.EntityManagerFactoryBuilderImpl",
          "method" : "build",
          "file" : "EntityManagerFactoryBuilderImpl.java",
          "line" : 1494,
          "exact" : false,
          "location" : "hibernate-core-5.6.11.Final.jar",
          "version" : "5.6.11.Final"
        }, {
          "class" : "org.springframework.orm.jpa.vendor.SpringHibernateJpaPersistenceProvider",
          "method" : "createContainerEntityManagerFactory",
          "file" : "SpringHibernateJpaPersistenceProvider.java",
          "line" : 58,
          "exact" : false,
          "location" : "spring-orm-5.3.23.jar",
          "version" : "5.3.23"
        }, {
          "class" : "org.springframework.orm.jpa.LocalContainerEntityManagerFactoryBean",
          "method" : "createNativeEntityManagerFactory",
          "file" : "LocalContainerEntityManagerFactoryBean.java",
          "line" : 365,
          "exact" : false,
          "location" : "spring-orm-5.3.23.jar",
          "version" : "5.3.23"
        }, {
          "class" : "org.springframework.orm.jpa.AbstractEntityManagerFactoryBean",
          "method" : "buildNativeEntityManagerFactory",
          "file" : "AbstractEntityManagerFactoryBean.java",
          "line" : 409,
          "exact" : false,
          "location" : "spring-orm-5.3.23.jar",
          "version" : "5.3.23"
        }, {
          "class" : "org.springframework.orm.jpa.AbstractEntityManagerFactoryBean",
          "method" : "afterPropertiesSet",
          "file" : "AbstractEntityManagerFactoryBean.java",
          "line" : 396,
          "exact" : false,
          "location" : "spring-orm-5.3.23.jar",
          "version" : "5.3.23"
        }, {
          "class" : "org.springframework.orm.jpa.LocalContainerEntityManagerFactoryBean",
          "method" : "afterPropertiesSet",
          "file" : "LocalContainerEntityManagerFactoryBean.java",
          "line" : 341,
          "exact" : false,
          "location" : "spring-orm-5.3.23.jar",
          "version" : "5.3.23"
        }, {
          "class" : "org.springframework.beans.factory.support.AbstractAutowireCapableBeanFactory",
          "method" : "invokeInitMethods",
          "file" : "AbstractAutowireCapableBeanFactory.java",
          "line" : 1863,
          "exact" : false,
          "location" : "spring-beans-5.3.23.jar",
          "version" : "5.3.23"
        }, {
          "class" : "org.springframework.beans.factory.support.AbstractAutowireCapableBeanFactory",
          "method" : "initializeBean",
          "file" : "AbstractAutowireCapableBeanFactory.java",
          "line" : 1800,
          "exact" : false,
          "location" : "spring-beans-5.3.23.jar",
          "version" : "5.3.23"
        } ]
      },
      "extendedStackTrace" : [ {
        "class" : "org.hibernate.service.internal.AbstractServiceRegistryImpl",
        "method" : "createService",
        "file" : "AbstractServiceRegistryImpl.java",
        "line" : 275,
        "exact" : false,
        "location" : "hibernate-core-5.6.11.Final.jar",
        "version" : "5.6.11.Final"
      }, {
        "class" : "org.hibernate.service.internal.AbstractServiceRegistryImpl",
        "method" : "initializeService",
        "file" : "AbstractServiceRegistryImpl.java",
        "line" : 237,
        "exact" : false,
        "location" : "hibernate-core-5.6.11.Final.jar",
        "version" : "5.6.11.Final"
      }, {
        "class" : "org.hibernate.service.internal.AbstractServiceRegistryImpl",
        "method" : "getService",
        "file" : "AbstractServiceRegistryImpl.java",
        "line" : 214,
        "exact" : false,
        "location" : "hibernate-core-5.6.11.Final.jar",
        "version" : "5.6.11.Final"
      }, {
        "class" : "org.hibernate.id.factory.internal.DefaultIdentifierGeneratorFactory",
        "method" : "injectServices",
        "file" : "DefaultIdentifierGeneratorFactory.java",
        "line" : 175,
        "exact" : false,
        "location" : "hibernate-core-5.6.11.Final.jar",
        "version" : "5.6.11.Final"
      }, {
        "class" : "org.hibernate.service.internal.AbstractServiceRegistryImpl",
        "method" : "injectDependencies",
        "file" : "AbstractServiceRegistryImpl.java",
        "line" : 286,
        "exact" : false,
        "location" : "hibernate-core-5.6.11.Final.jar",
        "version" : "5.6.11.Final"
      }, {
        "class" : "org.hibernate.service.internal.AbstractServiceRegistryImpl",
        "method" : "initializeService",
        "file" : "AbstractServiceRegistryImpl.java",
        "line" : 243,
        "exact" : false,
        "location" : "hibernate-core-5.6.11.Final.jar",
        "version" : "5.6.11.Final"
      }, {
        "class" : "org.hibernate.service.internal.AbstractServiceRegistryImpl",
        "method" : "getService",
        "file" : "AbstractServiceRegistryImpl.java",
        "line" : 214,
        "exact" : false,
        "location" : "hibernate-core-5.6.11.Final.jar",
        "version" : "5.6.11.Final"
      }, {
        "class" : "org.hibernate.boot.internal.InFlightMetadataCollectorImpl",
        "method" : "<init>",
        "file" : "InFlightMetadataCollectorImpl.java",
        "line" : 173,
        "exact" : false,
        "location" : "hibernate-core-5.6.11.Final.jar",
        "version" : "5.6.11.Final"
      }, {
        "class" : "org.hibernate.boot.model.process.spi.MetadataBuildingProcess",
        "method" : "complete",
        "file" : "MetadataBuildingProcess.java",
        "line" : 127,
        "exact" : false,
        "location" : "hibernate-core-5.6.11.Final.jar",
        "version" : "5.6.11.Final"
      }, {
        "class" : "org.hibernate.jpa.boot.internal.EntityManagerFactoryBuilderImpl",
        "method" : "metadata",
        "file" : "EntityManagerFactoryBuilderImpl.java",
        "line" : 1460,
        "exact" : false,
        "location" : "hibernate-core-5.6.11.Final.jar",
        "version" : "5.6.11.Final"
      }, {
        "class" : "org.hibernate.jpa.boot.internal.EntityManagerFactoryBuilderImpl",
        "method" : "build",
        "file" : "EntityManagerFactoryBuilderImpl.java",
        "line" : 1494,
        "exact" : false,
        "location" : "hibernate-core-5.6.11.Final.jar",
        "version" : "5.6.11.Final"
      }, {
        "class" : "org.springframework.orm.jpa.vendor.SpringHibernateJpaPersistenceProvider",
        "method" : "createContainerEntityManagerFactory",
        "file" : "SpringHibernateJpaPersistenceProvider.java",
        "line" : 58,
        "exact" : false,
        "location" : "spring-orm-5.3.23.jar",
        "version" : "5.3.23"
      }, {
        "class" : "org.springframework.orm.jpa.LocalContainerEntityManagerFactoryBean",
        "method" : "createNativeEntityManagerFactory",
        "file" : "LocalContainerEntityManagerFactoryBean.java",
        "line" : 365,
        "exact" : false,
        "location" : "spring-orm-5.3.23.jar",
        "version" : "5.3.23"
      }, {
        "class" : "org.springframework.orm.jpa.AbstractEntityManagerFactoryBean",
        "method" : "buildNativeEntityManagerFactory",
        "file" : "AbstractEntityManagerFactoryBean.java",
        "line" : 409,
        "exact" : false,
        "location" : "spring-orm-5.3.23.jar",
        "version" : "5.3.23"
      }, {
        "class" : "org.springframework.orm.jpa.AbstractEntityManagerFactoryBean",
        "method" : "afterPropertiesSet",
        "file" : "AbstractEntityManagerFactoryBean.java",
        "line" : 396,
        "exact" : false,
        "location" : "spring-orm-5.3.23.jar",
        "version" : "5.3.23"
      }, {
        "class" : "org.springframework.orm.jpa.LocalContainerEntityManagerFactoryBean",
        "method" : "afterPropertiesSet",
        "file" : "LocalContainerEntityManagerFactoryBean.java",
        "line" : 341,
        "exact" : false,
        "location" : "spring-orm-5.3.23.jar",
        "version" : "5.3.23"
      }, {
        "class" : "org.springframework.beans.factory.support.AbstractAutowireCapableBeanFactory",
        "method" : "invokeInitMethods",
        "file" : "AbstractAutowireCapableBeanFactory.java",
        "line" : 1863,
        "exact" : false,
        "location" : "spring-beans-5.3.23.jar",
        "version" : "5.3.23"
      }, {
        "class" : "org.springframework.beans.factory.support.AbstractAutowireCapableBeanFactory",
        "method" : "initializeBean",
        "file" : "AbstractAutowireCapableBeanFactory.java",
        "line" : 1800,
        "exact" : false,
        "location" : "spring-beans-5.3.23.jar",
        "version" : "5.3.23"
      } ]
    },
    "extendedStackTrace" : [ {
      "class" : "org.springframework.beans.factory.support.AbstractAutowireCapableBeanFactory",
      "method" : "initializeBean",
      "file" : "AbstractAutowireCapableBeanFactory.java",
      "line" : 1804,
      "exact" : false,
      "location" : "spring-beans-5.3.23.jar",
      "version" : "5.3.23"
    }, {
      "class" : "org.springframework.beans.factory.support.AbstractAutowireCapableBeanFactory",
      "method" : "doCreateBean",
      "file" : "AbstractAutowireCapableBeanFactory.java",
      "line" : 620,
      "exact" : false,
      "location" : "spring-beans-5.3.23.jar",
      "version" : "5.3.23"
    }, {
      "class" : "org.springframework.beans.factory.support.AbstractAutowireCapableBeanFactory",
      "method" : "createBean",
      "file" : "AbstractAutowireCapableBeanFactory.java",
      "line" : 542,
      "exact" : false,
      "location" : "spring-beans-5.3.23.jar",
      "version" : "5.3.23"
    }, {
      "class" : "org.springframework.beans.factory.support.AbstractBeanFactory",
      "method" : "lambda$doGetBean$0",
      "file" : "AbstractBeanFactory.java",
      "line" : 335,
      "exact" : false,
      "location" : "spring-beans-5.3.23.jar",
      "version" : "5.3.23"
    }, {
      "class" : "org.springframework.beans.factory.support.DefaultSingletonBeanRegistry",
      "method" : "getSingleton",
      "file" : "DefaultSingletonBeanRegistry.java",
      "line" : 234,
      "exact" : false,
      "location" : "spring-beans-5.3.23.jar",
      "version" : "5.3.23"
    }, {
      "class" : "org.springframework.beans.factory.support.AbstractBeanFactory",
      "method" : "doGetBean",
      "file" : "AbstractBeanFactory.java",
      "line" : 333,
      "exact" : false,
      "location" : "spring-beans-5.3.23.jar",
      "version" : "5.3.23"
    }, {
      "class" : "org.springframework.beans.factory.support.AbstractBeanFactory",
      "method" : "getBean",
      "file" : "AbstractBeanFactory.java",
      "line" : 208,
      "exact" : false,
      "location" : "spring-beans-5.3.23.jar",
      "version" : "5.3.23"
    }, {
      "class" : "org.springframework.context.support.AbstractApplicationContext",
      "method" : "getBean",
      "file" : "AbstractApplicationContext.java",
      "line" : 1154,
      "exact" : false,
      "location" : "spring-context-5.3.23.jar",
      "version" : "5.3.23"
    }, {
      "class" : "org.springframework.context.support.AbstractApplicationContext",
      "method" : "finishBeanFactoryInitialization",
      "file" : "AbstractApplicationContext.java",
      "line" : 908,
      "exact" : false,
      "location" : "spring-context-5.3.23.jar",
      "version" : "5.3.23"
    }, {
      "class" : "org.springframework.context.support.AbstractApplicationContext",
      "method" : "refresh",
      "file" : "AbstractApplicationContext.java",
      "line" : 583,
      "exact" : false,
      "location" : "spring-context-5.3.23.jar",
      "version" : "5.3.23"
    }, {
      "class" : "org.springframework.boot.web.servlet.context.ServletWebServerApplicationContext",
      "method" : "refresh",
      "file" : "ServletWebServerApplicationContext.java",
      "line" : 147,
      "exact" : false,
      "location" : "spring-boot-2.7.4.jar",
      "version" : "2.7.4"
    }, {
      "class" : "org.springframework.boot.SpringApplication",
      "method" : "refresh",
      "file" : "SpringApplication.java",
      "line" : 734,
      "exact" : false,
      "location" : "spring-boot-2.7.4.jar",
      "version" : "2.7.4"
    }, {
      "class" : "org.springframework.boot.SpringApplication",
      "method" : "refreshContext",
      "file" : "SpringApplication.java",
      "line" : 408,
      "exact" : false,
      "location" : "spring-boot-2.7.4.jar",
      "version" : "2.7.4"
    }, {
      "class" : "org.springframework.boot.SpringApplication",
      "method" : "run",
      "file" : "SpringApplication.java",
      "line" : 308,
      "exact" : false,
      "location" : "spring-boot-2.7.4.jar",
      "version" : "2.7.4"
    }, {
      "class" : "org.springframework.boot.SpringApplication",
      "method" : "run",
      "file" : "SpringApplication.java",
      "line" : 1306,
      "exact" : false,
      "location" : "spring-boot-2.7.4.jar",
      "version" : "2.7.4"
    }, {
      "class" : "org.springframework.boot.SpringApplication",
      "method" : "run",
      "file" : "SpringApplication.java",
      "line" : 1295,
      "exact" : false,
      "location" : "spring-boot-2.7.4.jar",
      "version" : "2.7.4"
    }, {
      "class" : "sn.isi.adminapp.AdminAppApplication",
      "method" : "main",
      "file" : "AdminAppApplication.java",
      "line" : 12,
      "exact" : false,
      "location" : "classes/",
      "version" : "?"
    }, {
      "class" : "jdk.internal.reflect.NativeMethodAccessorImpl",
      "method" : "invoke0",
      "file" : "NativeMethodAccessorImpl.java",
      "line" : -2,
      "exact" : false,
      "location" : "?",
      "version" : "?"
    }, {
      "class" : "jdk.internal.reflect.NativeMethodAccessorImpl",
      "method" : "invoke",
      "file" : "NativeMethodAccessorImpl.java",
      "line" : 77,
      "exact" : false,
      "location" : "?",
      "version" : "?"
    }, {
      "class" : "jdk.internal.reflect.DelegatingMethodAccessorImpl",
      "method" : "invoke",
      "file" : "DelegatingMethodAccessorImpl.java",
      "line" : 43,
      "exact" : false,
      "location" : "?",
      "version" : "?"
    }, {
      "class" : "java.lang.reflect.Method",
      "method" : "invoke",
      "file" : "Method.java",
      "line" : 568,
      "exact" : false,
      "location" : "?",
      "version" : "?"
    }, {
      "class" : "org.springframework.boot.devtools.restart.RestartLauncher",
      "method" : "run",
      "file" : "RestartLauncher.java",
      "line" : 49,
      "exact" : false,
      "location" : "spring-boot-devtools-2.7.4.jar",
      "version" : "2.7.4"
    } ]
  },
  "endOfBatch" : false,
  "loggerFqcn" : "org.apache.commons.logging.LogAdapter$Log4jLog",
  "threadId" : 19,
  "threadPriority" : 5,
  "service" : "admin-app"
}
{
  "instant" : {
    "epochSecond" : 1666040957,
    "nanoOfSecond" : 718908900
  },
  "thread" : "restartedMain",
  "level" : "INFO",
  "loggerName" : "sn.isi.adminapp.AdminAppApplication",
  "message" : "Starting AdminAppApplication using Java 17.0.2 on DESKTOP-TA7253F with PID 21936 (C:\\Users\\Mugen\\Desktop\\M1\\JEE\\intelliJ-workspace\\admin-app\\target\\classes started by Mugen in C:\\Users\\Mugen\\Desktop\\M1\\JEE\\intelliJ-workspace\\admin-app)",
  "endOfBatch" : false,
  "loggerFqcn" : "org.apache.commons.logging.LogAdapter$Log4jLog",
  "threadId" : 19,
  "threadPriority" : 5,
  "service" : "admin-app"
}
{
  "instant" : {
    "epochSecond" : 1666040957,
    "nanoOfSecond" : 655689900
  },
  "thread" : "background-preinit",
  "level" : "INFO",
  "loggerName" : "org.hibernate.validator.internal.util.Version",
  "message" : "HV000001: Hibernate Validator 6.2.5.Final",
  "endOfBatch" : false,
  "loggerFqcn" : "org.hibernate.validator.internal.util.logging.Log_$logger",
  "threadId" : 20,
  "threadPriority" : 5,
  "service" : "admin-app"
}
{
  "instant" : {
    "epochSecond" : 1666040957,
    "nanoOfSecond" : 788685800
  },
  "thread" : "restartedMain",
  "level" : "INFO",
  "loggerName" : "sn.isi.adminapp.AdminAppApplication",
  "message" : "No active profile set, falling back to 1 default profile: \"default\"",
  "endOfBatch" : false,
  "loggerFqcn" : "org.apache.commons.logging.LogAdapter$Log4jLog",
  "threadId" : 19,
  "threadPriority" : 5,
  "service" : "admin-app"
}
{
  "instant" : {
    "epochSecond" : 1666040957,
    "nanoOfSecond" : 865686400
  },
  "thread" : "restartedMain",
  "level" : "INFO",
  "loggerName" : "org.springframework.boot.devtools.env.DevToolsPropertyDefaultsPostProcessor",
  "message" : "Devtools property defaults active! Set 'spring.devtools.add-properties' to 'false' to disable",
  "endOfBatch" : false,
  "loggerFqcn" : "org.apache.commons.logging.LogAdapter$Log4jLog",
  "threadId" : 19,
  "threadPriority" : 5,
  "service" : "admin-app"
}
{
  "instant" : {
    "epochSecond" : 1666040957,
    "nanoOfSecond" : 867135000
  },
  "thread" : "restartedMain",
  "level" : "INFO",
  "loggerName" : "org.springframework.boot.devtools.env.DevToolsPropertyDefaultsPostProcessor",
  "message" : "For additional web related logging consider setting the 'logging.level.web' property to 'DEBUG'",
  "endOfBatch" : false,
  "loggerFqcn" : "org.apache.commons.logging.LogAdapter$Log4jLog",
  "threadId" : 19,
  "threadPriority" : 5,
  "service" : "admin-app"
}
{
  "instant" : {
    "epochSecond" : 1666040958,
    "nanoOfSecond" : 807512400
  },
  "thread" : "restartedMain",
  "level" : "INFO",
  "loggerName" : "org.springframework.data.repository.config.RepositoryConfigurationDelegate",
  "message" : "Bootstrapping Spring Data JPA repositories in DEFAULT mode.",
  "endOfBatch" : false,
  "loggerFqcn" : "org.apache.commons.logging.LogAdapter$Log4jLog",
  "threadId" : 19,
  "threadPriority" : 5,
  "service" : "admin-app"
}
{
  "instant" : {
    "epochSecond" : 1666040958,
    "nanoOfSecond" : 946617600
  },
  "thread" : "restartedMain",
  "level" : "INFO",
  "loggerName" : "org.springframework.data.repository.config.RepositoryConfigurationDelegate",
  "message" : "Finished Spring Data repository scanning in 125 ms. Found 3 JPA repository interfaces.",
  "endOfBatch" : false,
  "loggerFqcn" : "org.apache.commons.logging.LogAdapter$Log4jLog",
  "threadId" : 19,
  "threadPriority" : 5,
  "service" : "admin-app"
}
{
  "instant" : {
    "epochSecond" : 1666040960,
    "nanoOfSecond" : 16647700
  },
  "thread" : "restartedMain",
  "level" : "INFO",
  "loggerName" : "org.springframework.boot.web.embedded.tomcat.TomcatWebServer",
  "message" : "Tomcat initialized with port(s): 8081 (http)",
  "endOfBatch" : false,
  "loggerFqcn" : "org.apache.commons.logging.LogAdapter$Log4jLog",
  "threadId" : 19,
  "threadPriority" : 5,
  "service" : "admin-app"
}
{
  "instant" : {
    "epochSecond" : 1666040960,
    "nanoOfSecond" : 51583500
  },
  "thread" : "restartedMain",
  "level" : "INFO",
  "loggerName" : "org.apache.coyote.http11.Http11NioProtocol",
  "message" : "Initializing ProtocolHandler [\"http-nio-8081\"]",
  "endOfBatch" : false,
  "loggerFqcn" : "java.util.logging.Logger",
  "threadId" : 19,
  "threadPriority" : 5,
  "service" : "admin-app"
}
{
  "instant" : {
    "epochSecond" : 1666040960,
    "nanoOfSecond" : 52626000
  },
  "thread" : "restartedMain",
  "level" : "INFO",
  "loggerName" : "org.apache.catalina.core.StandardService",
  "message" : "Starting service [Tomcat]",
  "endOfBatch" : false,
  "loggerFqcn" : "java.util.logging.Logger",
  "threadId" : 19,
  "threadPriority" : 5,
  "service" : "admin-app"
}
{
  "instant" : {
    "epochSecond" : 1666040960,
    "nanoOfSecond" : 53581100
  },
  "thread" : "restartedMain",
  "level" : "INFO",
  "loggerName" : "org.apache.catalina.core.StandardEngine",
  "message" : "Starting Servlet engine: [Apache Tomcat/9.0.65]",
  "endOfBatch" : false,
  "loggerFqcn" : "java.util.logging.Logger",
  "threadId" : 19,
  "threadPriority" : 5,
  "service" : "admin-app"
}
{
  "instant" : {
    "epochSecond" : 1666040960,
    "nanoOfSecond" : 205559300
  },
  "thread" : "restartedMain",
  "level" : "INFO",
  "loggerName" : "org.apache.catalina.core.ContainerBase.[Tomcat].[localhost].[/]",
  "message" : "Initializing Spring embedded WebApplicationContext",
  "endOfBatch" : false,
  "loggerFqcn" : "java.util.logging.Logger",
  "threadId" : 19,
  "threadPriority" : 5,
  "service" : "admin-app"
}
{
  "instant" : {
    "epochSecond" : 1666040960,
    "nanoOfSecond" : 206085400
  },
  "thread" : "restartedMain",
  "level" : "INFO",
  "loggerName" : "org.springframework.boot.web.servlet.context.ServletWebServerApplicationContext",
  "message" : "Root WebApplicationContext: initialization completed in 2339 ms",
  "endOfBatch" : false,
  "loggerFqcn" : "org.apache.commons.logging.LogAdapter$Log4jLog",
  "threadId" : 19,
  "threadPriority" : 5,
  "service" : "admin-app"
}
{
  "instant" : {
    "epochSecond" : 1666040960,
    "nanoOfSecond" : 438558900
  },
  "thread" : "restartedMain",
  "level" : "INFO",
  "loggerName" : "org.hibernate.jpa.internal.util.LogHelper",
  "message" : "HHH000204: Processing PersistenceUnitInfo [name: default]",
  "endOfBatch" : false,
  "loggerFqcn" : "org.hibernate.internal.EntityManagerMessageLogger_$logger",
  "threadId" : 19,
  "threadPriority" : 5,
  "service" : "admin-app"
}
{
  "instant" : {
    "epochSecond" : 1666040960,
    "nanoOfSecond" : 516559700
  },
  "thread" : "restartedMain",
  "level" : "INFO",
  "loggerName" : "org.hibernate.Version",
  "message" : "HHH000412: Hibernate ORM core version 5.6.11.Final",
  "endOfBatch" : false,
  "loggerFqcn" : "org.hibernate.internal.CoreMessageLogger_$logger",
  "threadId" : 19,
  "threadPriority" : 5,
  "service" : "admin-app"
}
{
  "instant" : {
    "epochSecond" : 1666040960,
    "nanoOfSecond" : 767558800
  },
  "thread" : "restartedMain",
  "level" : "INFO",
  "loggerName" : "org.hibernate.annotations.common.Version",
  "message" : "HCANN000001: Hibernate Commons Annotations {5.1.2.Final}",
  "endOfBatch" : false,
  "loggerFqcn" : "org.hibernate.annotations.common.util.impl.Log_$logger",
  "threadId" : 19,
  "threadPriority" : 5,
  "service" : "admin-app"
}
{
  "instant" : {
    "epochSecond" : 1666040960,
    "nanoOfSecond" : 965553400
  },
  "thread" : "restartedMain",
  "level" : "INFO",
  "loggerName" : "com.zaxxer.hikari.HikariDataSource",
  "message" : "HikariPool-1 - Starting...",
  "endOfBatch" : false,
  "loggerFqcn" : "org.apache.logging.slf4j.Log4jLogger",
  "threadId" : 19,
  "threadPriority" : 5,
  "service" : "admin-app"
}
{
  "instant" : {
    "epochSecond" : 1666040961,
    "nanoOfSecond" : 606537500
  },
  "thread" : "restartedMain",
  "level" : "INFO",
  "loggerName" : "com.zaxxer.hikari.HikariDataSource",
  "message" : "HikariPool-1 - Start completed.",
  "endOfBatch" : false,
  "loggerFqcn" : "org.apache.logging.slf4j.Log4jLogger",
  "threadId" : 19,
  "threadPriority" : 5,
  "service" : "admin-app"
}
{
  "instant" : {
    "epochSecond" : 1666040961,
    "nanoOfSecond" : 692656600
  },
  "thread" : "restartedMain",
  "level" : "INFO",
  "loggerName" : "org.hibernate.dialect.Dialect",
  "message" : "HHH000400: Using dialect: org.hibernate.dialect.MySQL8Dialect",
  "endOfBatch" : false,
  "loggerFqcn" : "org.hibernate.internal.CoreMessageLogger_$logger",
  "threadId" : 19,
  "threadPriority" : 5,
  "service" : "admin-app"
}
{
  "instant" : {
    "epochSecond" : 1666040963,
    "nanoOfSecond" : 268449100
  },
  "thread" : "restartedMain",
  "level" : "INFO",
  "loggerName" : "org.hibernate.engine.transaction.jta.platform.internal.JtaPlatformInitiator",
  "message" : "HHH000490: Using JtaPlatform implementation: [org.hibernate.engine.transaction.jta.platform.internal.NoJtaPlatform]",
  "endOfBatch" : false,
  "loggerFqcn" : "org.hibernate.internal.CoreMessageLogger_$logger",
  "threadId" : 19,
  "threadPriority" : 5,
  "service" : "admin-app"
}
{
  "instant" : {
    "epochSecond" : 1666040963,
    "nanoOfSecond" : 282069400
  },
  "thread" : "restartedMain",
  "level" : "INFO",
  "loggerName" : "org.springframework.orm.jpa.LocalContainerEntityManagerFactoryBean",
  "message" : "Initialized JPA EntityManagerFactory for persistence unit 'default'",
  "endOfBatch" : false,
  "loggerFqcn" : "org.apache.commons.logging.LogAdapter$Log4jLog",
  "threadId" : 19,
  "threadPriority" : 5,
  "service" : "admin-app"
}
{
  "instant" : {
    "epochSecond" : 1666040963,
    "nanoOfSecond" : 388098900
  },
  "thread" : "restartedMain",
  "level" : "WARN",
  "loggerName" : "org.springframework.boot.autoconfigure.orm.jpa.JpaBaseConfiguration$JpaWebConfiguration",
  "message" : "spring.jpa.open-in-view is enabled by default. Therefore, database queries may be performed during view rendering. Explicitly configure spring.jpa.open-in-view to disable this warning",
  "endOfBatch" : false,
  "loggerFqcn" : "org.apache.commons.logging.LogAdapter$Log4jLog",
  "threadId" : 19,
  "threadPriority" : 5,
  "service" : "admin-app"
}
{
  "instant" : {
    "epochSecond" : 1666040963,
    "nanoOfSecond" : 838473300
  },
  "thread" : "restartedMain",
  "level" : "WARN",
  "loggerName" : "org.springframework.boot.autoconfigure.thymeleaf.ThymeleafAutoConfiguration$DefaultTemplateResolverConfiguration",
  "message" : "Cannot find template location: classpath:/templates/ (please add some templates, check your Thymeleaf configuration, or set spring.thymeleaf.check-template-location=false)",
  "endOfBatch" : false,
  "loggerFqcn" : "org.apache.commons.logging.LogAdapter$Log4jLog",
  "threadId" : 19,
  "threadPriority" : 5,
  "service" : "admin-app"
}
{
  "instant" : {
    "epochSecond" : 1666040964,
    "nanoOfSecond" : 420756600
  },
  "thread" : "restartedMain",
  "level" : "INFO",
  "loggerName" : "org.springframework.boot.devtools.autoconfigure.OptionalLiveReloadServer",
  "message" : "LiveReload server is running on port 35729",
  "endOfBatch" : false,
  "loggerFqcn" : "org.apache.commons.logging.LogAdapter$Log4jLog",
  "threadId" : 19,
  "threadPriority" : 5,
  "service" : "admin-app"
}
{
  "instant" : {
    "epochSecond" : 1666040964,
    "nanoOfSecond" : 439856900
  },
  "thread" : "restartedMain",
  "level" : "INFO",
  "loggerName" : "org.apache.coyote.http11.Http11NioProtocol",
  "message" : "Starting ProtocolHandler [\"http-nio-8081\"]",
  "endOfBatch" : false,
  "loggerFqcn" : "java.util.logging.Logger",
  "threadId" : 19,
  "threadPriority" : 5,
  "service" : "admin-app"
}
{
  "instant" : {
    "epochSecond" : 1666040964,
    "nanoOfSecond" : 471755200
  },
  "thread" : "restartedMain",
  "level" : "INFO",
  "loggerName" : "org.springframework.boot.web.embedded.tomcat.TomcatWebServer",
  "message" : "Tomcat started on port(s): 8081 (http) with context path ''",
  "endOfBatch" : false,
  "loggerFqcn" : "org.apache.commons.logging.LogAdapter$Log4jLog",
  "threadId" : 19,
  "threadPriority" : 5,
  "service" : "admin-app"
}
{
  "instant" : {
    "epochSecond" : 1666040964,
    "nanoOfSecond" : 488759200
  },
  "thread" : "restartedMain",
  "level" : "INFO",
  "loggerName" : "sn.isi.adminapp.AdminAppApplication",
  "message" : "Started AdminAppApplication in 7.411 seconds (JVM running for 9.051)",
  "endOfBatch" : false,
  "loggerFqcn" : "org.apache.commons.logging.LogAdapter$Log4jLog",
  "threadId" : 19,
  "threadPriority" : 5,
  "service" : "admin-app"
}
